2019-02-26 00:00:35,913 INFO 9872 [egg-schedule]: register schedule /Users/gui/Documents/code/github/egg-vue-hackernews/node_modules/egg-logrotator/app/schedule/clean_log.js
2019-02-26 00:00:35,913 INFO 9872 [egg-schedule]: register schedule /Users/gui/Documents/code/github/egg-vue-hackernews/node_modules/egg-logrotator/app/schedule/rotate_by_file.js
2019-02-26 00:00:37,407 INFO 9879 [egg-schedule]: register schedule /Users/gui/Documents/code/github/egg-vue-hackernews/node_modules/egg-logrotator/app/schedule/clean_log.js
2019-02-26 00:00:37,407 INFO 9879 [egg-schedule]: register schedule /Users/gui/Documents/code/github/egg-vue-hackernews/node_modules/egg-logrotator/app/schedule/rotate_by_file.js
2019-02-26 00:01:26,080 INFO 9896 [egg-schedule]: register schedule /Users/gui/Documents/code/github/egg-vue-hackernews/node_modules/egg-logrotator/app/schedule/clean_log.js
2019-02-26 00:01:26,080 INFO 9896 [egg-schedule]: register schedule /Users/gui/Documents/code/github/egg-vue-hackernews/node_modules/egg-logrotator/app/schedule/rotate_by_file.js
2019-02-26 00:02:21,024 INFO 9917 [egg-schedule]: register schedule /Users/gui/Documents/code/github/egg-vue-hackernews/node_modules/egg-logrotator/app/schedule/clean_log.js
2019-02-26 00:02:21,025 INFO 9917 [egg-schedule]: register schedule /Users/gui/Documents/code/github/egg-vue-hackernews/node_modules/egg-logrotator/app/schedule/rotate_by_file.js
2019-02-26 00:07:40,984 INFO 9958 [egg-schedule]: register schedule /Users/gui/Documents/code/github/egg-vue-hackernews/node_modules/egg-logrotator/app/schedule/clean_log.js
2019-02-26 00:07:40,984 INFO 9958 [egg-schedule]: register schedule /Users/gui/Documents/code/github/egg-vue-hackernews/node_modules/egg-logrotator/app/schedule/rotate_by_file.js
2019-02-26 00:07:42,242 INFO 9969 [egg-schedule]: register schedule /Users/gui/Documents/code/github/egg-vue-hackernews/node_modules/egg-logrotator/app/schedule/clean_log.js
2019-02-26 00:07:42,242 INFO 9969 [egg-schedule]: register schedule /Users/gui/Documents/code/github/egg-vue-hackernews/node_modules/egg-logrotator/app/schedule/rotate_by_file.js
2019-02-26 00:07:46,734 INFO 9976 [egg-schedule]: register schedule /Users/gui/Documents/code/github/egg-vue-hackernews/node_modules/egg-logrotator/app/schedule/clean_log.js
2019-02-26 00:07:46,734 INFO 9976 [egg-schedule]: register schedule /Users/gui/Documents/code/github/egg-vue-hackernews/node_modules/egg-logrotator/app/schedule/rotate_by_file.js
2019-02-26 00:08:03,704 INFO 9992 [egg-schedule]: register schedule /Users/gui/Documents/code/github/egg-vue-hackernews/node_modules/egg-logrotator/app/schedule/clean_log.js
2019-02-26 00:08:03,704 INFO 9992 [egg-schedule]: register schedule /Users/gui/Documents/code/github/egg-vue-hackernews/node_modules/egg-logrotator/app/schedule/rotate_by_file.js
2019-02-26 09:58:19,585 INFO 8428 [Timer] D:\github\egg-vue-hackernews\node_modules\egg-logrotator\app\schedule\clean_log.js next time will execute after 50500417ms at 2019-02-27 00:00:00.002
2019-02-26 09:58:19,586 INFO 8428 [Timer] D:\github\egg-vue-hackernews\node_modules\egg-logrotator\app\schedule\rotate_by_file.js next time will execute after 50501414ms at 2019-02-27 00:00:01.000
2019-02-26 09:58:19,482 INFO 20052 [egg-schedule]: register schedule D:\github\egg-vue-hackernews\node_modules\egg-logrotator\app\schedule\clean_log.js
2019-02-26 09:58:19,482 INFO 20052 [egg-schedule]: register schedule D:\github\egg-vue-hackernews\node_modules\egg-logrotator\app\schedule\rotate_by_file.js
2019-02-26 09:59:43,646 INFO 21328 [egg-schedule]: register schedule D:\github\egg-vue-hackernews\node_modules\egg-logrotator\app\schedule\clean_log.js
2019-02-26 09:59:43,646 INFO 21328 [egg-schedule]: register schedule D:\github\egg-vue-hackernews\node_modules\egg-logrotator\app\schedule\rotate_by_file.js
2019-02-26 10:00:04,646 INFO 9180 [Timer] D:\github\egg-vue-hackernews\node_modules\egg-logrotator\app\schedule\clean_log.js next time will execute after 50395355ms at 2019-02-27 00:00:00.001
2019-02-26 10:00:04,647 INFO 9180 [Timer] D:\github\egg-vue-hackernews\node_modules\egg-logrotator\app\schedule\rotate_by_file.js next time will execute after 50396354ms at 2019-02-27 00:00:01.001
2019-02-26 10:00:04,542 INFO 15712 [egg-schedule]: register schedule D:\github\egg-vue-hackernews\node_modules\egg-logrotator\app\schedule\clean_log.js
2019-02-26 10:00:04,543 INFO 15712 [egg-schedule]: register schedule D:\github\egg-vue-hackernews\node_modules\egg-logrotator\app\schedule\rotate_by_file.js
2019-02-26 10:08:56,222 INFO 9868 [Timer] D:\github\egg-vue-hackernews\node_modules\egg-logrotator\app\schedule\clean_log.js next time will execute after 49863780ms at 2019-02-27 00:00:00.002
2019-02-26 10:08:56,222 INFO 9868 [Timer] D:\github\egg-vue-hackernews\node_modules\egg-logrotator\app\schedule\rotate_by_file.js next time will execute after 49864778ms at 2019-02-27 00:00:01.000
2019-02-26 10:08:56,140 INFO 6952 [egg-schedule]: register schedule D:\github\egg-vue-hackernews\node_modules\egg-logrotator\app\schedule\clean_log.js
2019-02-26 10:08:56,140 INFO 6952 [egg-schedule]: register schedule D:\github\egg-vue-hackernews\node_modules\egg-logrotator\app\schedule\rotate_by_file.js
2019-02-26 10:10:29,136 INFO 19912 [egg-schedule]: register schedule D:\github\egg-vue-hackernews\node_modules\egg-logrotator\app\schedule\clean_log.js
2019-02-26 10:10:29,136 INFO 19912 [egg-schedule]: register schedule D:\github\egg-vue-hackernews\node_modules\egg-logrotator\app\schedule\rotate_by_file.js
2019-02-26 10:10:44,989 INFO 16400 [egg-schedule]: register schedule D:\github\egg-vue-hackernews\node_modules\egg-logrotator\app\schedule\clean_log.js
2019-02-26 10:10:44,989 INFO 16400 [egg-schedule]: register schedule D:\github\egg-vue-hackernews\node_modules\egg-logrotator\app\schedule\rotate_by_file.js
2019-02-26 10:11:04,734 INFO 10040 [egg-schedule]: register schedule D:\github\egg-vue-hackernews\node_modules\egg-logrotator\app\schedule\clean_log.js
2019-02-26 10:11:04,734 INFO 10040 [egg-schedule]: register schedule D:\github\egg-vue-hackernews\node_modules\egg-logrotator\app\schedule\rotate_by_file.js
2019-02-26 10:11:04,818 INFO 17908 [Timer] D:\github\egg-vue-hackernews\node_modules\egg-logrotator\app\schedule\clean_log.js next time will execute after 49735183ms at 2019-02-27 00:00:00.001
2019-02-26 10:11:04,819 INFO 17908 [Timer] D:\github\egg-vue-hackernews\node_modules\egg-logrotator\app\schedule\rotate_by_file.js next time will execute after 49736181ms at 2019-02-27 00:00:01.000
2019-02-26 10:11:20,771 INFO 13736 [egg-schedule]: register schedule D:\github\egg-vue-hackernews\node_modules\egg-logrotator\app\schedule\clean_log.js
2019-02-26 10:11:20,771 INFO 13736 [egg-schedule]: register schedule D:\github\egg-vue-hackernews\node_modules\egg-logrotator\app\schedule\rotate_by_file.js
2019-02-26 10:11:21,860 INFO 7836 [egg-schedule]: register schedule D:\github\egg-vue-hackernews\node_modules\egg-logrotator\app\schedule\clean_log.js
2019-02-26 10:11:21,860 INFO 7836 [egg-schedule]: register schedule D:\github\egg-vue-hackernews\node_modules\egg-logrotator\app\schedule\rotate_by_file.js
2019-02-26 10:11:38,308 INFO 11256 [Timer] D:\github\egg-vue-hackernews\node_modules\egg-logrotator\app\schedule\clean_log.js next time will execute after 49701694ms at 2019-02-27 00:00:00.002
2019-02-26 10:11:38,309 INFO 11256 [Timer] D:\github\egg-vue-hackernews\node_modules\egg-logrotator\app\schedule\rotate_by_file.js next time will execute after 49702692ms at 2019-02-27 00:00:01.001
2019-02-26 10:11:38,193 INFO 8512 [egg-schedule]: register schedule D:\github\egg-vue-hackernews\node_modules\egg-logrotator\app\schedule\clean_log.js
2019-02-26 10:11:38,193 INFO 8512 [egg-schedule]: register schedule D:\github\egg-vue-hackernews\node_modules\egg-logrotator\app\schedule\rotate_by_file.js
2019-02-26 10:35:39,926 INFO 20236 [egg-schedule]: register schedule D:\github\egg-vue-hackernews\node_modules\egg-logrotator\app\schedule\clean_log.js
2019-02-26 10:35:39,926 INFO 20236 [egg-schedule]: register schedule D:\github\egg-vue-hackernews\node_modules\egg-logrotator\app\schedule\rotate_by_file.js
2019-02-26 10:37:27,544 INFO 8260 [egg-schedule]: register schedule D:\github\egg-vue-hackernews\node_modules\egg-logrotator\app\schedule\clean_log.js
2019-02-26 10:37:27,544 INFO 8260 [egg-schedule]: register schedule D:\github\egg-vue-hackernews\node_modules\egg-logrotator\app\schedule\rotate_by_file.js
2019-02-26 10:37:28,599 INFO 17696 [egg-schedule]: register schedule D:\github\egg-vue-hackernews\node_modules\egg-logrotator\app\schedule\clean_log.js
2019-02-26 10:37:28,599 INFO 17696 [egg-schedule]: register schedule D:\github\egg-vue-hackernews\node_modules\egg-logrotator\app\schedule\rotate_by_file.js
2019-02-26 10:37:56,268 INFO 10980 [egg-schedule]: register schedule D:\github\egg-vue-hackernews\node_modules\egg-logrotator\app\schedule\clean_log.js
2019-02-26 10:37:56,268 INFO 10980 [egg-schedule]: register schedule D:\github\egg-vue-hackernews\node_modules\egg-logrotator\app\schedule\rotate_by_file.js
2019-02-26 10:38:16,839 INFO 2420 [egg-schedule]: register schedule D:\github\egg-vue-hackernews\node_modules\egg-logrotator\app\schedule\clean_log.js
2019-02-26 10:38:16,839 INFO 2420 [egg-schedule]: register schedule D:\github\egg-vue-hackernews\node_modules\egg-logrotator\app\schedule\rotate_by_file.js
2019-02-26 10:38:50,443 INFO 14608 [egg-schedule]: register schedule D:\github\egg-vue-hackernews\node_modules\egg-logrotator\app\schedule\clean_log.js
2019-02-26 10:38:50,443 INFO 14608 [egg-schedule]: register schedule D:\github\egg-vue-hackernews\node_modules\egg-logrotator\app\schedule\rotate_by_file.js
2019-02-26 10:38:51,657 INFO 19316 [egg-schedule]: register schedule D:\github\egg-vue-hackernews\node_modules\egg-logrotator\app\schedule\clean_log.js
2019-02-26 10:38:51,657 INFO 19316 [egg-schedule]: register schedule D:\github\egg-vue-hackernews\node_modules\egg-logrotator\app\schedule\rotate_by_file.js
2019-02-26 10:44:00,297 INFO 1200 [egg-schedule]: register schedule D:\github\egg-vue-hackernews\node_modules\egg-logrotator\app\schedule\clean_log.js
2019-02-26 10:44:00,297 INFO 1200 [egg-schedule]: register schedule D:\github\egg-vue-hackernews\node_modules\egg-logrotator\app\schedule\rotate_by_file.js
2019-02-26 10:56:39,248 INFO 20228 [Timer] D:\github\egg-vue-hackernews\node_modules\egg-logrotator\app\schedule\clean_log.js next time will execute after 47000754ms at 2019-02-27 00:00:00.002
2019-02-26 10:56:39,249 INFO 20228 [Timer] D:\github\egg-vue-hackernews\node_modules\egg-logrotator\app\schedule\rotate_by_file.js next time will execute after 47001752ms at 2019-02-27 00:00:01.001
2019-02-26 10:56:39,146 INFO 17712 [egg-schedule]: register schedule D:\github\egg-vue-hackernews\node_modules\egg-logrotator\app\schedule\clean_log.js
2019-02-26 10:56:39,146 INFO 17712 [egg-schedule]: register schedule D:\github\egg-vue-hackernews\node_modules\egg-logrotator\app\schedule\rotate_by_file.js
2019-02-26 10:57:00,297 INFO 2236 [egg-schedule]: register schedule D:\github\egg-vue-hackernews\node_modules\egg-logrotator\app\schedule\clean_log.js
2019-02-26 10:57:00,297 INFO 2236 [egg-schedule]: register schedule D:\github\egg-vue-hackernews\node_modules\egg-logrotator\app\schedule\rotate_by_file.js
2019-02-26 10:58:33,809 INFO 4732 [Timer] D:\github\egg-vue-hackernews\node_modules\egg-logrotator\app\schedule\clean_log.js next time will execute after 46886193ms at 2019-02-27 00:00:00.002
2019-02-26 10:58:33,809 INFO 4732 [Timer] D:\github\egg-vue-hackernews\node_modules\egg-logrotator\app\schedule\rotate_by_file.js next time will execute after 46887191ms at 2019-02-27 00:00:01.000
2019-02-26 10:58:33,706 INFO 14664 [egg-schedule]: register schedule D:\github\egg-vue-hackernews\node_modules\egg-logrotator\app\schedule\clean_log.js
2019-02-26 10:58:33,706 INFO 14664 [egg-schedule]: register schedule D:\github\egg-vue-hackernews\node_modules\egg-logrotator\app\schedule\rotate_by_file.js
2019-02-26 11:00:31,561 INFO 8188 [egg-schedule]: register schedule D:\github\egg-vue-hackernews\node_modules\egg-logrotator\app\schedule\clean_log.js
2019-02-26 11:00:31,561 INFO 8188 [egg-schedule]: register schedule D:\github\egg-vue-hackernews\node_modules\egg-logrotator\app\schedule\rotate_by_file.js
2019-02-26 11:14:21,428 INFO 19940 [Timer] D:\github\egg-vue-hackernews\node_modules\egg-logrotator\app\schedule\clean_log.js next time will execute after 45938573ms at 2019-02-27 00:00:00.001
2019-02-26 11:14:21,428 INFO 19940 [Timer] D:\github\egg-vue-hackernews\node_modules\egg-logrotator\app\schedule\rotate_by_file.js next time will execute after 45939572ms at 2019-02-27 00:00:01.000
2019-02-26 11:14:21,329 INFO 11540 [egg-schedule]: register schedule D:\github\egg-vue-hackernews\node_modules\egg-logrotator\app\schedule\clean_log.js
2019-02-26 11:14:21,329 INFO 11540 [egg-schedule]: register schedule D:\github\egg-vue-hackernews\node_modules\egg-logrotator\app\schedule\rotate_by_file.js
2019-02-26 11:22:04,869 INFO 6388 [Timer] D:\github\egg-vue-hackernews\node_modules\egg-logrotator\app\schedule\clean_log.js next time will execute after 45475133ms at 2019-02-27 00:00:00.002
2019-02-26 11:22:04,869 INFO 6388 [Timer] D:\github\egg-vue-hackernews\node_modules\egg-logrotator\app\schedule\rotate_by_file.js next time will execute after 45476131ms at 2019-02-27 00:00:01.000
2019-02-26 11:22:04,763 INFO 6376 [egg-schedule]: register schedule D:\github\egg-vue-hackernews\node_modules\egg-logrotator\app\schedule\clean_log.js
2019-02-26 11:22:04,763 INFO 6376 [egg-schedule]: register schedule D:\github\egg-vue-hackernews\node_modules\egg-logrotator\app\schedule\rotate_by_file.js
2019-02-26 11:22:54,776 INFO 15472 [Timer] D:\github\egg-vue-hackernews\node_modules\egg-logrotator\app\schedule\clean_log.js next time will execute after 45425226ms at 2019-02-27 00:00:00.002
2019-02-26 11:22:54,776 INFO 15472 [Timer] D:\github\egg-vue-hackernews\node_modules\egg-logrotator\app\schedule\rotate_by_file.js next time will execute after 45426224ms at 2019-02-27 00:00:01.000
2019-02-26 11:22:54,675 INFO 7984 [egg-schedule]: register schedule D:\github\egg-vue-hackernews\node_modules\egg-logrotator\app\schedule\clean_log.js
2019-02-26 11:22:54,675 INFO 7984 [egg-schedule]: register schedule D:\github\egg-vue-hackernews\node_modules\egg-logrotator\app\schedule\rotate_by_file.js
2019-02-26 11:23:54,261 INFO 21352 [Timer] D:\github\egg-vue-hackernews\node_modules\egg-logrotator\app\schedule\clean_log.js next time will execute after 45365741ms at 2019-02-27 00:00:00.002
2019-02-26 11:23:54,261 INFO 21352 [Timer] D:\github\egg-vue-hackernews\node_modules\egg-logrotator\app\schedule\rotate_by_file.js next time will execute after 45366739ms at 2019-02-27 00:00:01.000
2019-02-26 11:23:54,151 INFO 19868 [egg-schedule]: register schedule D:\github\egg-vue-hackernews\node_modules\egg-logrotator\app\schedule\clean_log.js
2019-02-26 11:23:54,151 INFO 19868 [egg-schedule]: register schedule D:\github\egg-vue-hackernews\node_modules\egg-logrotator\app\schedule\rotate_by_file.js
2019-02-26 11:30:14,210 INFO 18604 [egg-schedule]: register schedule D:\github\egg-vue-hackernews\node_modules\egg-logrotator\app\schedule\clean_log.js
2019-02-26 11:30:14,210 INFO 18604 [egg-schedule]: register schedule D:\github\egg-vue-hackernews\node_modules\egg-logrotator\app\schedule\rotate_by_file.js
2019-02-26 11:48:01,562 INFO 1480 [Timer] D:\github\egg-vue-hackernews\node_modules\egg-logrotator\app\schedule\clean_log.js next time will execute after 43918439ms at 2019-02-27 00:00:00.001
2019-02-26 11:48:01,563 INFO 1480 [Timer] D:\github\egg-vue-hackernews\node_modules\egg-logrotator\app\schedule\rotate_by_file.js next time will execute after 43919438ms at 2019-02-27 00:00:01.001
2019-02-26 11:48:01,464 INFO 12596 [egg-schedule]: register schedule D:\github\egg-vue-hackernews\node_modules\egg-logrotator\app\schedule\clean_log.js
2019-02-26 11:48:01,464 INFO 12596 [egg-schedule]: register schedule D:\github\egg-vue-hackernews\node_modules\egg-logrotator\app\schedule\rotate_by_file.js
2019-02-26 11:55:29,653 INFO 21052 [Timer] D:\github\egg-vue-hackernews\node_modules\egg-logrotator\app\schedule\clean_log.js next time will execute after 43470348ms at 2019-02-27 00:00:00.001
2019-02-26 11:55:29,653 INFO 21052 [Timer] D:\github\egg-vue-hackernews\node_modules\egg-logrotator\app\schedule\rotate_by_file.js next time will execute after 43471347ms at 2019-02-27 00:00:01.000
2019-02-26 11:55:29,554 INFO 15416 [egg-schedule]: register schedule D:\github\egg-vue-hackernews\node_modules\egg-logrotator\app\schedule\clean_log.js
2019-02-26 11:55:29,554 INFO 15416 [egg-schedule]: register schedule D:\github\egg-vue-hackernews\node_modules\egg-logrotator\app\schedule\rotate_by_file.js
2019-02-26 14:02:13,408 INFO 18392 [Timer] D:\github\egg-vue-hackernews\node_modules\egg-logrotator\app\schedule\clean_log.js next time will execute after 35866593ms at 2019-02-27 00:00:00.001
2019-02-26 14:02:13,409 INFO 18392 [Timer] D:\github\egg-vue-hackernews\node_modules\egg-logrotator\app\schedule\rotate_by_file.js next time will execute after 35867591ms at 2019-02-27 00:00:01.000
2019-02-26 14:02:13,308 INFO 11024 [egg-schedule]: register schedule D:\github\egg-vue-hackernews\node_modules\egg-logrotator\app\schedule\clean_log.js
2019-02-26 14:02:13,308 INFO 11024 [egg-schedule]: register schedule D:\github\egg-vue-hackernews\node_modules\egg-logrotator\app\schedule\rotate_by_file.js
2019-02-26 14:03:05,654 INFO 1044 [egg-schedule]: register schedule D:\github\egg-vue-hackernews\node_modules\egg-logrotator\app\schedule\clean_log.js
2019-02-26 14:03:05,655 INFO 1044 [egg-schedule]: register schedule D:\github\egg-vue-hackernews\node_modules\egg-logrotator\app\schedule\rotate_by_file.js
2019-02-26 14:04:40,545 INFO 8028 [egg-schedule]: register schedule D:\github\egg-vue-hackernews\node_modules\egg-logrotator\app\schedule\clean_log.js
2019-02-26 14:04:40,545 INFO 8028 [egg-schedule]: register schedule D:\github\egg-vue-hackernews\node_modules\egg-logrotator\app\schedule\rotate_by_file.js
2019-02-26 14:04:41,746 INFO 5052 [egg-schedule]: register schedule D:\github\egg-vue-hackernews\node_modules\egg-logrotator\app\schedule\clean_log.js
2019-02-26 14:04:41,746 INFO 5052 [egg-schedule]: register schedule D:\github\egg-vue-hackernews\node_modules\egg-logrotator\app\schedule\rotate_by_file.js
2019-02-26 14:06:29,260 INFO 4608 [egg-schedule]: register schedule D:\github\egg-vue-hackernews\node_modules\egg-logrotator\app\schedule\clean_log.js
2019-02-26 14:06:29,260 INFO 4608 [egg-schedule]: register schedule D:\github\egg-vue-hackernews\node_modules\egg-logrotator\app\schedule\rotate_by_file.js
2019-02-26 14:06:36,140 INFO 13392 [egg-schedule]: register schedule D:\github\egg-vue-hackernews\node_modules\egg-logrotator\app\schedule\clean_log.js
2019-02-26 14:06:36,140 INFO 13392 [egg-schedule]: register schedule D:\github\egg-vue-hackernews\node_modules\egg-logrotator\app\schedule\rotate_by_file.js
2019-02-26 14:06:40,921 INFO 9176 [egg-schedule]: register schedule D:\github\egg-vue-hackernews\node_modules\egg-logrotator\app\schedule\clean_log.js
2019-02-26 14:06:40,922 INFO 9176 [egg-schedule]: register schedule D:\github\egg-vue-hackernews\node_modules\egg-logrotator\app\schedule\rotate_by_file.js
2019-02-26 14:06:46,963 INFO 5392 [egg-schedule]: register schedule D:\github\egg-vue-hackernews\node_modules\egg-logrotator\app\schedule\clean_log.js
2019-02-26 14:06:46,963 INFO 5392 [egg-schedule]: register schedule D:\github\egg-vue-hackernews\node_modules\egg-logrotator\app\schedule\rotate_by_file.js
2019-02-26 14:07:36,296 INFO 18552 [egg-schedule]: register schedule D:\github\egg-vue-hackernews\node_modules\egg-logrotator\app\schedule\clean_log.js
2019-02-26 14:07:36,296 INFO 18552 [egg-schedule]: register schedule D:\github\egg-vue-hackernews\node_modules\egg-logrotator\app\schedule\rotate_by_file.js
2019-02-26 14:08:05,341 INFO 12380 [egg-schedule]: register schedule D:\github\egg-vue-hackernews\node_modules\egg-logrotator\app\schedule\clean_log.js
2019-02-26 14:08:05,341 INFO 12380 [egg-schedule]: register schedule D:\github\egg-vue-hackernews\node_modules\egg-logrotator\app\schedule\rotate_by_file.js
2019-02-26 14:08:20,631 INFO 20640 [egg-schedule]: register schedule D:\github\egg-vue-hackernews\node_modules\egg-logrotator\app\schedule\clean_log.js
2019-02-26 14:08:20,631 INFO 20640 [egg-schedule]: register schedule D:\github\egg-vue-hackernews\node_modules\egg-logrotator\app\schedule\rotate_by_file.js
2019-02-26 14:09:43,994 INFO 2752 [egg-schedule]: register schedule D:\github\egg-vue-hackernews\node_modules\egg-logrotator\app\schedule\clean_log.js
2019-02-26 14:09:43,994 INFO 2752 [egg-schedule]: register schedule D:\github\egg-vue-hackernews\node_modules\egg-logrotator\app\schedule\rotate_by_file.js
2019-02-26 14:09:51,968 INFO 1364 [egg-schedule]: register schedule D:\github\egg-vue-hackernews\node_modules\egg-logrotator\app\schedule\clean_log.js
2019-02-26 14:09:51,968 INFO 1364 [egg-schedule]: register schedule D:\github\egg-vue-hackernews\node_modules\egg-logrotator\app\schedule\rotate_by_file.js
2019-02-26 14:09:53,415 INFO 11892 [egg-schedule]: register schedule D:\github\egg-vue-hackernews\node_modules\egg-logrotator\app\schedule\clean_log.js
2019-02-26 14:09:53,415 INFO 11892 [egg-schedule]: register schedule D:\github\egg-vue-hackernews\node_modules\egg-logrotator\app\schedule\rotate_by_file.js
2019-02-26 14:09:54,316 INFO 20036 [egg-schedule]: register schedule D:\github\egg-vue-hackernews\node_modules\egg-logrotator\app\schedule\clean_log.js
2019-02-26 14:09:54,316 INFO 20036 [egg-schedule]: register schedule D:\github\egg-vue-hackernews\node_modules\egg-logrotator\app\schedule\rotate_by_file.js
2019-02-26 14:10:20,980 INFO 7376 [egg-schedule]: register schedule D:\github\egg-vue-hackernews\node_modules\egg-logrotator\app\schedule\clean_log.js
2019-02-26 14:10:20,980 INFO 7376 [egg-schedule]: register schedule D:\github\egg-vue-hackernews\node_modules\egg-logrotator\app\schedule\rotate_by_file.js
2019-02-26 14:11:25,247 INFO 13976 [Timer] D:\github\egg-vue-hackernews\node_modules\egg-logrotator\app\schedule\clean_log.js next time will execute after 35314755ms at 2019-02-27 00:00:00.002
2019-02-26 14:11:25,247 INFO 13976 [Timer] D:\github\egg-vue-hackernews\node_modules\egg-logrotator\app\schedule\rotate_by_file.js next time will execute after 35315753ms at 2019-02-27 00:00:01.000
2019-02-26 14:11:25,143 INFO 13008 [egg-schedule]: register schedule D:\github\egg-vue-hackernews\node_modules\egg-logrotator\app\schedule\clean_log.js
2019-02-26 14:11:25,143 INFO 13008 [egg-schedule]: register schedule D:\github\egg-vue-hackernews\node_modules\egg-logrotator\app\schedule\rotate_by_file.js
2019-02-26 14:12:16,401 INFO 15272 [egg-schedule]: register schedule D:\github\egg-vue-hackernews\node_modules\egg-logrotator\app\schedule\clean_log.js
2019-02-26 14:12:16,401 INFO 15272 [egg-schedule]: register schedule D:\github\egg-vue-hackernews\node_modules\egg-logrotator\app\schedule\rotate_by_file.js
2019-02-26 14:14:50,817 INFO 5952 [egg-schedule]: register schedule D:\github\egg-vue-hackernews\node_modules\egg-logrotator\app\schedule\clean_log.js
2019-02-26 14:14:50,817 INFO 5952 [egg-schedule]: register schedule D:\github\egg-vue-hackernews\node_modules\egg-logrotator\app\schedule\rotate_by_file.js
2019-02-26 14:14:52,032 INFO 6404 [egg-schedule]: register schedule D:\github\egg-vue-hackernews\node_modules\egg-logrotator\app\schedule\clean_log.js
2019-02-26 14:14:52,032 INFO 6404 [egg-schedule]: register schedule D:\github\egg-vue-hackernews\node_modules\egg-logrotator\app\schedule\rotate_by_file.js
2019-02-26 14:17:18,858 INFO 6992 [Timer] D:\github\egg-vue-hackernews\node_modules\egg-logrotator\app\schedule\clean_log.js next time will execute after 34961143ms at 2019-02-27 00:00:00.001
2019-02-26 14:17:18,859 INFO 6992 [Timer] D:\github\egg-vue-hackernews\node_modules\egg-logrotator\app\schedule\rotate_by_file.js next time will execute after 34962141ms at 2019-02-27 00:00:01.000
2019-02-26 14:17:18,750 INFO 12376 [egg-schedule]: register schedule D:\github\egg-vue-hackernews\node_modules\egg-logrotator\app\schedule\clean_log.js
2019-02-26 14:17:18,750 INFO 12376 [egg-schedule]: register schedule D:\github\egg-vue-hackernews\node_modules\egg-logrotator\app\schedule\rotate_by_file.js
2019-02-26 14:18:22,289 INFO 14060 [egg-schedule]: register schedule D:\github\egg-vue-hackernews\node_modules\egg-logrotator\app\schedule\clean_log.js
2019-02-26 14:18:22,289 INFO 14060 [egg-schedule]: register schedule D:\github\egg-vue-hackernews\node_modules\egg-logrotator\app\schedule\rotate_by_file.js
2019-02-26 14:18:51,786 INFO 20240 [egg-schedule]: register schedule D:\github\egg-vue-hackernews\node_modules\egg-logrotator\app\schedule\clean_log.js
2019-02-26 14:18:51,787 INFO 20240 [egg-schedule]: register schedule D:\github\egg-vue-hackernews\node_modules\egg-logrotator\app\schedule\rotate_by_file.js
2019-02-26 14:20:06,290 INFO 17240 [egg-schedule]: register schedule D:\github\egg-vue-hackernews\node_modules\egg-logrotator\app\schedule\clean_log.js
2019-02-26 14:20:06,290 INFO 17240 [egg-schedule]: register schedule D:\github\egg-vue-hackernews\node_modules\egg-logrotator\app\schedule\rotate_by_file.js
2019-02-26 14:20:15,857 INFO 13208 [egg-schedule]: register schedule D:\github\egg-vue-hackernews\node_modules\egg-logrotator\app\schedule\clean_log.js
2019-02-26 14:20:15,857 INFO 13208 [egg-schedule]: register schedule D:\github\egg-vue-hackernews\node_modules\egg-logrotator\app\schedule\rotate_by_file.js
2019-02-26 14:20:17,075 INFO 732 [egg-schedule]: register schedule D:\github\egg-vue-hackernews\node_modules\egg-logrotator\app\schedule\clean_log.js
2019-02-26 14:20:17,075 INFO 732 [egg-schedule]: register schedule D:\github\egg-vue-hackernews\node_modules\egg-logrotator\app\schedule\rotate_by_file.js
2019-02-26 14:20:42,455 INFO 15832 [egg-schedule]: register schedule D:\github\egg-vue-hackernews\node_modules\egg-logrotator\app\schedule\clean_log.js
2019-02-26 14:20:42,455 INFO 15832 [egg-schedule]: register schedule D:\github\egg-vue-hackernews\node_modules\egg-logrotator\app\schedule\rotate_by_file.js
2019-02-26 14:20:43,717 INFO 5860 [egg-schedule]: register schedule D:\github\egg-vue-hackernews\node_modules\egg-logrotator\app\schedule\clean_log.js
2019-02-26 14:20:43,717 INFO 5860 [egg-schedule]: register schedule D:\github\egg-vue-hackernews\node_modules\egg-logrotator\app\schedule\rotate_by_file.js
2019-02-26 14:21:41,729 INFO 1440 [egg-schedule]: register schedule D:\github\egg-vue-hackernews\node_modules\egg-logrotator\app\schedule\clean_log.js
2019-02-26 14:21:41,729 INFO 1440 [egg-schedule]: register schedule D:\github\egg-vue-hackernews\node_modules\egg-logrotator\app\schedule\rotate_by_file.js
2019-02-26 14:22:00,489 INFO 15916 [Timer] D:\github\egg-vue-hackernews\node_modules\egg-logrotator\app\schedule\clean_log.js next time will execute after 34679513ms at 2019-02-27 00:00:00.002
2019-02-26 14:22:00,489 INFO 15916 [Timer] D:\github\egg-vue-hackernews\node_modules\egg-logrotator\app\schedule\rotate_by_file.js next time will execute after 34680511ms at 2019-02-27 00:00:01.000
2019-02-26 14:22:00,386 INFO 19572 [egg-schedule]: register schedule D:\github\egg-vue-hackernews\node_modules\egg-logrotator\app\schedule\clean_log.js
2019-02-26 14:22:00,386 INFO 19572 [egg-schedule]: register schedule D:\github\egg-vue-hackernews\node_modules\egg-logrotator\app\schedule\rotate_by_file.js
2019-02-26 14:22:42,956 INFO 5968 [egg-schedule]: register schedule D:\github\egg-vue-hackernews\node_modules\egg-logrotator\app\schedule\clean_log.js
2019-02-26 14:22:42,956 INFO 5968 [egg-schedule]: register schedule D:\github\egg-vue-hackernews\node_modules\egg-logrotator\app\schedule\rotate_by_file.js
2019-02-26 14:25:28,514 INFO 2364 [egg-schedule]: register schedule D:\github\egg-vue-hackernews\node_modules\egg-logrotator\app\schedule\clean_log.js
2019-02-26 14:25:28,514 INFO 2364 [egg-schedule]: register schedule D:\github\egg-vue-hackernews\node_modules\egg-logrotator\app\schedule\rotate_by_file.js
2019-02-26 14:25:42,321 INFO 18268 [egg-schedule]: register schedule D:\github\egg-vue-hackernews\node_modules\egg-logrotator\app\schedule\clean_log.js
2019-02-26 14:25:42,321 INFO 18268 [egg-schedule]: register schedule D:\github\egg-vue-hackernews\node_modules\egg-logrotator\app\schedule\rotate_by_file.js
2019-02-26 14:26:03,812 INFO 12084 [egg-schedule]: register schedule D:\github\egg-vue-hackernews\node_modules\egg-logrotator\app\schedule\clean_log.js
2019-02-26 14:26:03,813 INFO 12084 [egg-schedule]: register schedule D:\github\egg-vue-hackernews\node_modules\egg-logrotator\app\schedule\rotate_by_file.js
2019-02-26 14:57:38,511 INFO 14924 [egg-schedule]: register schedule D:\github\egg-vue-hackernews\node_modules\egg-logrotator\app\schedule\clean_log.js
2019-02-26 14:57:38,511 INFO 14924 [egg-schedule]: register schedule D:\github\egg-vue-hackernews\node_modules\egg-logrotator\app\schedule\rotate_by_file.js
2019-02-26 15:03:47,327 INFO 5556 [egg-schedule]: register schedule D:\github\egg-vue-hackernews\node_modules\egg-logrotator\app\schedule\clean_log.js
2019-02-26 15:03:47,327 INFO 5556 [egg-schedule]: register schedule D:\github\egg-vue-hackernews\node_modules\egg-logrotator\app\schedule\rotate_by_file.js
2019-02-26 15:03:48,593 INFO 10212 [egg-schedule]: register schedule D:\github\egg-vue-hackernews\node_modules\egg-logrotator\app\schedule\clean_log.js
2019-02-26 15:03:48,593 INFO 10212 [egg-schedule]: register schedule D:\github\egg-vue-hackernews\node_modules\egg-logrotator\app\schedule\rotate_by_file.js
2019-02-26 15:04:54,318 INFO 16792 [egg-schedule]: register schedule D:\github\egg-vue-hackernews\node_modules\egg-logrotator\app\schedule\clean_log.js
2019-02-26 15:04:54,318 INFO 16792 [egg-schedule]: register schedule D:\github\egg-vue-hackernews\node_modules\egg-logrotator\app\schedule\rotate_by_file.js
2019-02-26 15:05:02,045 INFO 16772 [egg-schedule]: register schedule D:\github\egg-vue-hackernews\node_modules\egg-logrotator\app\schedule\clean_log.js
2019-02-26 15:05:02,045 INFO 16772 [egg-schedule]: register schedule D:\github\egg-vue-hackernews\node_modules\egg-logrotator\app\schedule\rotate_by_file.js
2019-02-26 15:05:03,184 INFO 4052 [egg-schedule]: register schedule D:\github\egg-vue-hackernews\node_modules\egg-logrotator\app\schedule\clean_log.js
2019-02-26 15:05:03,184 INFO 4052 [egg-schedule]: register schedule D:\github\egg-vue-hackernews\node_modules\egg-logrotator\app\schedule\rotate_by_file.js
2019-02-26 15:05:27,494 INFO 6228 [egg-schedule]: register schedule D:\github\egg-vue-hackernews\node_modules\egg-logrotator\app\schedule\clean_log.js
2019-02-26 15:05:27,494 INFO 6228 [egg-schedule]: register schedule D:\github\egg-vue-hackernews\node_modules\egg-logrotator\app\schedule\rotate_by_file.js
2019-02-26 15:05:29,737 INFO 15712 [egg-schedule]: register schedule D:\github\egg-vue-hackernews\node_modules\egg-logrotator\app\schedule\clean_log.js
2019-02-26 15:05:29,737 INFO 15712 [egg-schedule]: register schedule D:\github\egg-vue-hackernews\node_modules\egg-logrotator\app\schedule\rotate_by_file.js
2019-02-26 15:07:33,187 INFO 16132 [egg-schedule]: register schedule D:\github\egg-vue-hackernews\node_modules\egg-logrotator\app\schedule\clean_log.js
2019-02-26 15:07:33,187 INFO 16132 [egg-schedule]: register schedule D:\github\egg-vue-hackernews\node_modules\egg-logrotator\app\schedule\rotate_by_file.js
2019-02-26 15:07:34,273 INFO 8480 [egg-schedule]: register schedule D:\github\egg-vue-hackernews\node_modules\egg-logrotator\app\schedule\clean_log.js
2019-02-26 15:07:34,273 INFO 8480 [egg-schedule]: register schedule D:\github\egg-vue-hackernews\node_modules\egg-logrotator\app\schedule\rotate_by_file.js
2019-02-26 15:07:40,498 INFO 9796 [egg-schedule]: register schedule D:\github\egg-vue-hackernews\node_modules\egg-logrotator\app\schedule\clean_log.js
2019-02-26 15:07:40,498 INFO 9796 [egg-schedule]: register schedule D:\github\egg-vue-hackernews\node_modules\egg-logrotator\app\schedule\rotate_by_file.js
2019-02-26 15:12:01,771 INFO 17000 [egg-schedule]: register schedule D:\github\egg-vue-hackernews\node_modules\egg-logrotator\app\schedule\clean_log.js
2019-02-26 15:12:01,771 INFO 17000 [egg-schedule]: register schedule D:\github\egg-vue-hackernews\node_modules\egg-logrotator\app\schedule\rotate_by_file.js
2019-02-26 15:12:09,908 INFO 13132 [egg-schedule]: register schedule D:\github\egg-vue-hackernews\node_modules\egg-logrotator\app\schedule\clean_log.js
2019-02-26 15:12:09,908 INFO 13132 [egg-schedule]: register schedule D:\github\egg-vue-hackernews\node_modules\egg-logrotator\app\schedule\rotate_by_file.js
2019-02-26 15:12:12,399 INFO 14436 [egg-schedule]: register schedule D:\github\egg-vue-hackernews\node_modules\egg-logrotator\app\schedule\clean_log.js
2019-02-26 15:12:12,399 INFO 14436 [egg-schedule]: register schedule D:\github\egg-vue-hackernews\node_modules\egg-logrotator\app\schedule\rotate_by_file.js
2019-02-26 15:15:33,519 INFO 3904 [egg-schedule]: register schedule D:\github\egg-vue-hackernews\node_modules\egg-logrotator\app\schedule\clean_log.js
2019-02-26 15:15:33,519 INFO 3904 [egg-schedule]: register schedule D:\github\egg-vue-hackernews\node_modules\egg-logrotator\app\schedule\rotate_by_file.js
2019-02-26 15:15:43,280 INFO 11212 [egg-schedule]: register schedule D:\github\egg-vue-hackernews\node_modules\egg-logrotator\app\schedule\clean_log.js
2019-02-26 15:15:43,280 INFO 11212 [egg-schedule]: register schedule D:\github\egg-vue-hackernews\node_modules\egg-logrotator\app\schedule\rotate_by_file.js
2019-02-26 15:15:44,413 INFO 13056 [egg-schedule]: register schedule D:\github\egg-vue-hackernews\node_modules\egg-logrotator\app\schedule\clean_log.js
2019-02-26 15:15:44,413 INFO 13056 [egg-schedule]: register schedule D:\github\egg-vue-hackernews\node_modules\egg-logrotator\app\schedule\rotate_by_file.js
2019-02-26 15:16:13,545 INFO 16920 [egg-schedule]: register schedule D:\github\egg-vue-hackernews\node_modules\egg-logrotator\app\schedule\clean_log.js
2019-02-26 15:16:13,545 INFO 16920 [egg-schedule]: register schedule D:\github\egg-vue-hackernews\node_modules\egg-logrotator\app\schedule\rotate_by_file.js
2019-02-26 15:16:21,821 INFO 17968 [egg-schedule]: register schedule D:\github\egg-vue-hackernews\node_modules\egg-logrotator\app\schedule\clean_log.js
2019-02-26 15:16:21,821 INFO 17968 [egg-schedule]: register schedule D:\github\egg-vue-hackernews\node_modules\egg-logrotator\app\schedule\rotate_by_file.js
2019-02-26 15:16:41,850 INFO 1512 [egg-schedule]: register schedule D:\github\egg-vue-hackernews\node_modules\egg-logrotator\app\schedule\clean_log.js
2019-02-26 15:16:41,850 INFO 1512 [egg-schedule]: register schedule D:\github\egg-vue-hackernews\node_modules\egg-logrotator\app\schedule\rotate_by_file.js
2019-02-26 15:16:44,113 INFO 18816 [egg-schedule]: register schedule D:\github\egg-vue-hackernews\node_modules\egg-logrotator\app\schedule\clean_log.js
2019-02-26 15:16:44,113 INFO 18816 [egg-schedule]: register schedule D:\github\egg-vue-hackernews\node_modules\egg-logrotator\app\schedule\rotate_by_file.js
2019-02-26 15:16:57,764 INFO 15716 [egg-schedule]: register schedule D:\github\egg-vue-hackernews\node_modules\egg-logrotator\app\schedule\clean_log.js
2019-02-26 15:16:57,764 INFO 15716 [egg-schedule]: register schedule D:\github\egg-vue-hackernews\node_modules\egg-logrotator\app\schedule\rotate_by_file.js
2019-02-26 15:16:58,973 INFO 15700 [egg-schedule]: register schedule D:\github\egg-vue-hackernews\node_modules\egg-logrotator\app\schedule\clean_log.js
2019-02-26 15:16:58,975 INFO 15700 [egg-schedule]: register schedule D:\github\egg-vue-hackernews\node_modules\egg-logrotator\app\schedule\rotate_by_file.js
2019-02-26 15:17:53,511 INFO 5148 [egg-schedule]: register schedule D:\github\egg-vue-hackernews\node_modules\egg-logrotator\app\schedule\clean_log.js
2019-02-26 15:17:53,511 INFO 5148 [egg-schedule]: register schedule D:\github\egg-vue-hackernews\node_modules\egg-logrotator\app\schedule\rotate_by_file.js
2019-02-26 15:18:32,762 INFO 18204 [egg-schedule]: register schedule D:\github\egg-vue-hackernews\node_modules\egg-logrotator\app\schedule\clean_log.js
2019-02-26 15:18:32,762 INFO 18204 [egg-schedule]: register schedule D:\github\egg-vue-hackernews\node_modules\egg-logrotator\app\schedule\rotate_by_file.js
2019-02-26 15:18:36,764 INFO 2656 [egg-schedule]: register schedule D:\github\egg-vue-hackernews\node_modules\egg-logrotator\app\schedule\clean_log.js
2019-02-26 15:18:36,764 INFO 2656 [egg-schedule]: register schedule D:\github\egg-vue-hackernews\node_modules\egg-logrotator\app\schedule\rotate_by_file.js
2019-02-26 15:18:37,857 INFO 12852 [egg-schedule]: register schedule D:\github\egg-vue-hackernews\node_modules\egg-logrotator\app\schedule\clean_log.js
2019-02-26 15:18:37,857 INFO 12852 [egg-schedule]: register schedule D:\github\egg-vue-hackernews\node_modules\egg-logrotator\app\schedule\rotate_by_file.js
2019-02-26 15:19:26,395 INFO 20996 [egg-schedule]: register schedule D:\github\egg-vue-hackernews\node_modules\egg-logrotator\app\schedule\clean_log.js
2019-02-26 15:19:26,395 INFO 20996 [egg-schedule]: register schedule D:\github\egg-vue-hackernews\node_modules\egg-logrotator\app\schedule\rotate_by_file.js
2019-02-26 15:19:37,008 INFO 10576 [egg-schedule]: register schedule D:\github\egg-vue-hackernews\node_modules\egg-logrotator\app\schedule\clean_log.js
2019-02-26 15:19:37,008 INFO 10576 [egg-schedule]: register schedule D:\github\egg-vue-hackernews\node_modules\egg-logrotator\app\schedule\rotate_by_file.js
2019-02-26 15:19:40,179 INFO 5196 [egg-schedule]: register schedule D:\github\egg-vue-hackernews\node_modules\egg-logrotator\app\schedule\clean_log.js
2019-02-26 15:19:40,179 INFO 5196 [egg-schedule]: register schedule D:\github\egg-vue-hackernews\node_modules\egg-logrotator\app\schedule\rotate_by_file.js
2019-02-26 15:19:41,286 INFO 12664 [egg-schedule]: register schedule D:\github\egg-vue-hackernews\node_modules\egg-logrotator\app\schedule\clean_log.js
2019-02-26 15:19:41,286 INFO 12664 [egg-schedule]: register schedule D:\github\egg-vue-hackernews\node_modules\egg-logrotator\app\schedule\rotate_by_file.js
2019-02-26 15:20:03,681 INFO 16248 [egg-schedule]: register schedule D:\github\egg-vue-hackernews\node_modules\egg-logrotator\app\schedule\clean_log.js
2019-02-26 15:20:03,682 INFO 16248 [egg-schedule]: register schedule D:\github\egg-vue-hackernews\node_modules\egg-logrotator\app\schedule\rotate_by_file.js
2019-02-26 15:20:17,680 INFO 2268 [egg-schedule]: register schedule D:\github\egg-vue-hackernews\node_modules\egg-logrotator\app\schedule\clean_log.js
2019-02-26 15:20:17,680 INFO 2268 [egg-schedule]: register schedule D:\github\egg-vue-hackernews\node_modules\egg-logrotator\app\schedule\rotate_by_file.js
2019-02-26 15:20:18,830 INFO 9644 [egg-schedule]: register schedule D:\github\egg-vue-hackernews\node_modules\egg-logrotator\app\schedule\clean_log.js
2019-02-26 15:20:18,830 INFO 9644 [egg-schedule]: register schedule D:\github\egg-vue-hackernews\node_modules\egg-logrotator\app\schedule\rotate_by_file.js
2019-02-26 15:20:52,730 INFO 17356 [egg-schedule]: register schedule D:\github\egg-vue-hackernews\node_modules\egg-logrotator\app\schedule\clean_log.js
2019-02-26 15:20:52,730 INFO 17356 [egg-schedule]: register schedule D:\github\egg-vue-hackernews\node_modules\egg-logrotator\app\schedule\rotate_by_file.js
2019-02-26 15:20:53,866 INFO 8964 [egg-schedule]: register schedule D:\github\egg-vue-hackernews\node_modules\egg-logrotator\app\schedule\clean_log.js
2019-02-26 15:20:53,866 INFO 8964 [egg-schedule]: register schedule D:\github\egg-vue-hackernews\node_modules\egg-logrotator\app\schedule\rotate_by_file.js
2019-02-26 15:23:07,428 INFO 9052 [egg-schedule]: register schedule D:\github\egg-vue-hackernews\node_modules\egg-logrotator\app\schedule\clean_log.js
2019-02-26 15:23:07,428 INFO 9052 [egg-schedule]: register schedule D:\github\egg-vue-hackernews\node_modules\egg-logrotator\app\schedule\rotate_by_file.js
2019-02-26 15:23:10,711 INFO 14124 [egg-schedule]: register schedule D:\github\egg-vue-hackernews\node_modules\egg-logrotator\app\schedule\clean_log.js
2019-02-26 15:23:10,711 INFO 14124 [egg-schedule]: register schedule D:\github\egg-vue-hackernews\node_modules\egg-logrotator\app\schedule\rotate_by_file.js
2019-02-26 15:24:14,328 INFO 3096 [egg-schedule]: register schedule D:\github\egg-vue-hackernews\node_modules\egg-logrotator\app\schedule\clean_log.js
2019-02-26 15:24:14,328 INFO 3096 [egg-schedule]: register schedule D:\github\egg-vue-hackernews\node_modules\egg-logrotator\app\schedule\rotate_by_file.js
2019-02-26 15:25:32,796 INFO 4600 [egg-schedule]: register schedule D:\github\egg-vue-hackernews\node_modules\egg-logrotator\app\schedule\clean_log.js
2019-02-26 15:25:32,796 INFO 4600 [egg-schedule]: register schedule D:\github\egg-vue-hackernews\node_modules\egg-logrotator\app\schedule\rotate_by_file.js
2019-02-26 15:25:41,425 INFO 17304 [egg-schedule]: register schedule D:\github\egg-vue-hackernews\node_modules\egg-logrotator\app\schedule\clean_log.js
2019-02-26 15:25:41,425 INFO 17304 [egg-schedule]: register schedule D:\github\egg-vue-hackernews\node_modules\egg-logrotator\app\schedule\rotate_by_file.js
2019-02-26 15:33:29,466 INFO 18940 [Timer] D:\github\egg-vue-hackernews\node_modules\egg-logrotator\app\schedule\clean_log.js next time will execute after 30390536ms at 2019-02-27 00:00:00.002
2019-02-26 15:33:29,466 INFO 18940 [Timer] D:\github\egg-vue-hackernews\node_modules\egg-logrotator\app\schedule\rotate_by_file.js next time will execute after 30391534ms at 2019-02-27 00:00:01.000
2019-02-26 15:33:29,365 INFO 11036 [egg-schedule]: register schedule D:\github\egg-vue-hackernews\node_modules\egg-logrotator\app\schedule\clean_log.js
2019-02-26 15:33:29,365 INFO 11036 [egg-schedule]: register schedule D:\github\egg-vue-hackernews\node_modules\egg-logrotator\app\schedule\rotate_by_file.js
2019-02-26 15:34:28,910 INFO 20332 [egg-schedule]: register schedule D:\github\egg-vue-hackernews\node_modules\egg-logrotator\app\schedule\clean_log.js
2019-02-26 15:34:28,911 INFO 20332 [egg-schedule]: register schedule D:\github\egg-vue-hackernews\node_modules\egg-logrotator\app\schedule\rotate_by_file.js
2019-02-26 15:35:36,559 INFO 13552 [egg-schedule]: register schedule D:\github\egg-vue-hackernews\node_modules\egg-logrotator\app\schedule\clean_log.js
2019-02-26 15:35:36,559 INFO 13552 [egg-schedule]: register schedule D:\github\egg-vue-hackernews\node_modules\egg-logrotator\app\schedule\rotate_by_file.js
2019-02-26 15:35:37,704 INFO 7896 [egg-schedule]: register schedule D:\github\egg-vue-hackernews\node_modules\egg-logrotator\app\schedule\clean_log.js
2019-02-26 15:35:37,704 INFO 7896 [egg-schedule]: register schedule D:\github\egg-vue-hackernews\node_modules\egg-logrotator\app\schedule\rotate_by_file.js
2019-02-26 15:35:40,919 INFO 5980 [egg-schedule]: register schedule D:\github\egg-vue-hackernews\node_modules\egg-logrotator\app\schedule\clean_log.js
2019-02-26 15:35:40,919 INFO 5980 [egg-schedule]: register schedule D:\github\egg-vue-hackernews\node_modules\egg-logrotator\app\schedule\rotate_by_file.js
2019-02-26 15:37:45,753 INFO 9304 [egg-schedule]: register schedule D:\github\egg-vue-hackernews\node_modules\egg-logrotator\app\schedule\clean_log.js
2019-02-26 15:37:45,753 INFO 9304 [egg-schedule]: register schedule D:\github\egg-vue-hackernews\node_modules\egg-logrotator\app\schedule\rotate_by_file.js
2019-02-26 15:37:46,858 INFO 10224 [egg-schedule]: register schedule D:\github\egg-vue-hackernews\node_modules\egg-logrotator\app\schedule\clean_log.js
2019-02-26 15:37:46,858 INFO 10224 [egg-schedule]: register schedule D:\github\egg-vue-hackernews\node_modules\egg-logrotator\app\schedule\rotate_by_file.js
2019-02-26 15:37:50,319 INFO 8952 [egg-schedule]: register schedule D:\github\egg-vue-hackernews\node_modules\egg-logrotator\app\schedule\clean_log.js
2019-02-26 15:37:50,319 INFO 8952 [egg-schedule]: register schedule D:\github\egg-vue-hackernews\node_modules\egg-logrotator\app\schedule\rotate_by_file.js
2019-02-26 15:39:07,562 INFO 19272 [egg-schedule]: register schedule D:\github\egg-vue-hackernews\node_modules\egg-logrotator\app\schedule\clean_log.js
2019-02-26 15:39:07,562 INFO 19272 [egg-schedule]: register schedule D:\github\egg-vue-hackernews\node_modules\egg-logrotator\app\schedule\rotate_by_file.js
2019-02-26 15:39:44,641 INFO 15840 [egg-schedule]: register schedule D:\github\egg-vue-hackernews\node_modules\egg-logrotator\app\schedule\clean_log.js
2019-02-26 15:39:44,641 INFO 15840 [egg-schedule]: register schedule D:\github\egg-vue-hackernews\node_modules\egg-logrotator\app\schedule\rotate_by_file.js
2019-02-26 15:40:21,287 INFO 9344 [egg-schedule]: register schedule D:\github\egg-vue-hackernews\node_modules\egg-logrotator\app\schedule\clean_log.js
2019-02-26 15:40:21,287 INFO 9344 [egg-schedule]: register schedule D:\github\egg-vue-hackernews\node_modules\egg-logrotator\app\schedule\rotate_by_file.js
2019-02-26 15:40:26,845 INFO 7272 [egg-schedule]: register schedule D:\github\egg-vue-hackernews\node_modules\egg-logrotator\app\schedule\clean_log.js
2019-02-26 15:40:26,845 INFO 7272 [egg-schedule]: register schedule D:\github\egg-vue-hackernews\node_modules\egg-logrotator\app\schedule\rotate_by_file.js
2019-02-26 15:41:19,115 INFO 11100 [egg-schedule]: register schedule D:\github\egg-vue-hackernews\node_modules\egg-logrotator\app\schedule\clean_log.js
2019-02-26 15:41:19,115 INFO 11100 [egg-schedule]: register schedule D:\github\egg-vue-hackernews\node_modules\egg-logrotator\app\schedule\rotate_by_file.js
2019-02-26 15:45:38,424 INFO 8084 [egg-schedule]: register schedule D:\github\egg-vue-hackernews\node_modules\egg-logrotator\app\schedule\clean_log.js
2019-02-26 15:45:38,424 INFO 8084 [egg-schedule]: register schedule D:\github\egg-vue-hackernews\node_modules\egg-logrotator\app\schedule\rotate_by_file.js
2019-02-26 15:45:39,587 INFO 10572 [egg-schedule]: register schedule D:\github\egg-vue-hackernews\node_modules\egg-logrotator\app\schedule\clean_log.js
2019-02-26 15:45:39,587 INFO 10572 [egg-schedule]: register schedule D:\github\egg-vue-hackernews\node_modules\egg-logrotator\app\schedule\rotate_by_file.js
2019-02-26 15:45:42,793 INFO 18216 [egg-schedule]: register schedule D:\github\egg-vue-hackernews\node_modules\egg-logrotator\app\schedule\clean_log.js
2019-02-26 15:45:42,793 INFO 18216 [egg-schedule]: register schedule D:\github\egg-vue-hackernews\node_modules\egg-logrotator\app\schedule\rotate_by_file.js
2019-02-26 15:45:43,982 INFO 13544 [egg-schedule]: register schedule D:\github\egg-vue-hackernews\node_modules\egg-logrotator\app\schedule\clean_log.js
2019-02-26 15:45:43,982 INFO 13544 [egg-schedule]: register schedule D:\github\egg-vue-hackernews\node_modules\egg-logrotator\app\schedule\rotate_by_file.js
2019-02-26 15:45:52,183 INFO 14924 [egg-schedule]: register schedule D:\github\egg-vue-hackernews\node_modules\egg-logrotator\app\schedule\clean_log.js
2019-02-26 15:45:52,183 INFO 14924 [egg-schedule]: register schedule D:\github\egg-vue-hackernews\node_modules\egg-logrotator\app\schedule\rotate_by_file.js
2019-02-26 15:45:53,221 INFO 6412 [egg-schedule]: register schedule D:\github\egg-vue-hackernews\node_modules\egg-logrotator\app\schedule\clean_log.js
2019-02-26 15:45:53,221 INFO 6412 [egg-schedule]: register schedule D:\github\egg-vue-hackernews\node_modules\egg-logrotator\app\schedule\rotate_by_file.js
2019-02-26 15:46:26,103 INFO 11308 [egg-schedule]: register schedule D:\github\egg-vue-hackernews\node_modules\egg-logrotator\app\schedule\clean_log.js
2019-02-26 15:46:26,103 INFO 11308 [egg-schedule]: register schedule D:\github\egg-vue-hackernews\node_modules\egg-logrotator\app\schedule\rotate_by_file.js
2019-02-26 15:46:27,209 INFO 9984 [egg-schedule]: register schedule D:\github\egg-vue-hackernews\node_modules\egg-logrotator\app\schedule\clean_log.js
2019-02-26 15:46:27,209 INFO 9984 [egg-schedule]: register schedule D:\github\egg-vue-hackernews\node_modules\egg-logrotator\app\schedule\rotate_by_file.js
2019-02-26 15:46:37,566 INFO 20512 [egg-schedule]: register schedule D:\github\egg-vue-hackernews\node_modules\egg-logrotator\app\schedule\clean_log.js
2019-02-26 15:46:37,566 INFO 20512 [egg-schedule]: register schedule D:\github\egg-vue-hackernews\node_modules\egg-logrotator\app\schedule\rotate_by_file.js
2019-02-26 15:46:38,662 INFO 11148 [egg-schedule]: register schedule D:\github\egg-vue-hackernews\node_modules\egg-logrotator\app\schedule\clean_log.js
2019-02-26 15:46:38,662 INFO 11148 [egg-schedule]: register schedule D:\github\egg-vue-hackernews\node_modules\egg-logrotator\app\schedule\rotate_by_file.js
2019-02-26 15:48:01,364 INFO 15168 [egg-schedule]: register schedule D:\github\egg-vue-hackernews\node_modules\egg-logrotator\app\schedule\clean_log.js
2019-02-26 15:48:01,364 INFO 15168 [egg-schedule]: register schedule D:\github\egg-vue-hackernews\node_modules\egg-logrotator\app\schedule\rotate_by_file.js
2019-02-26 15:48:02,462 INFO 13880 [egg-schedule]: register schedule D:\github\egg-vue-hackernews\node_modules\egg-logrotator\app\schedule\clean_log.js
2019-02-26 15:48:02,462 INFO 13880 [egg-schedule]: register schedule D:\github\egg-vue-hackernews\node_modules\egg-logrotator\app\schedule\rotate_by_file.js
2019-02-26 15:48:23,310 INFO 1248 [egg-schedule]: register schedule D:\github\egg-vue-hackernews\node_modules\egg-logrotator\app\schedule\clean_log.js
2019-02-26 15:48:23,310 INFO 1248 [egg-schedule]: register schedule D:\github\egg-vue-hackernews\node_modules\egg-logrotator\app\schedule\rotate_by_file.js
2019-02-26 15:48:27,135 INFO 16196 [egg-schedule]: register schedule D:\github\egg-vue-hackernews\node_modules\egg-logrotator\app\schedule\clean_log.js
2019-02-26 15:48:27,135 INFO 16196 [egg-schedule]: register schedule D:\github\egg-vue-hackernews\node_modules\egg-logrotator\app\schedule\rotate_by_file.js
2019-02-26 15:48:28,158 INFO 19256 [egg-schedule]: register schedule D:\github\egg-vue-hackernews\node_modules\egg-logrotator\app\schedule\clean_log.js
2019-02-26 15:48:28,158 INFO 19256 [egg-schedule]: register schedule D:\github\egg-vue-hackernews\node_modules\egg-logrotator\app\schedule\rotate_by_file.js
2019-02-26 15:49:21,507 INFO 17416 [egg-schedule]: register schedule D:\github\egg-vue-hackernews\node_modules\egg-logrotator\app\schedule\clean_log.js
2019-02-26 15:49:21,507 INFO 17416 [egg-schedule]: register schedule D:\github\egg-vue-hackernews\node_modules\egg-logrotator\app\schedule\rotate_by_file.js
2019-02-26 15:49:22,648 INFO 19836 [egg-schedule]: register schedule D:\github\egg-vue-hackernews\node_modules\egg-logrotator\app\schedule\clean_log.js
2019-02-26 15:49:22,648 INFO 19836 [egg-schedule]: register schedule D:\github\egg-vue-hackernews\node_modules\egg-logrotator\app\schedule\rotate_by_file.js
2019-02-26 15:49:45,534 INFO 5328 [egg-schedule]: register schedule D:\github\egg-vue-hackernews\node_modules\egg-logrotator\app\schedule\clean_log.js
2019-02-26 15:49:45,534 INFO 5328 [egg-schedule]: register schedule D:\github\egg-vue-hackernews\node_modules\egg-logrotator\app\schedule\rotate_by_file.js
2019-02-26 15:49:46,614 INFO 1124 [egg-schedule]: register schedule D:\github\egg-vue-hackernews\node_modules\egg-logrotator\app\schedule\clean_log.js
2019-02-26 15:49:46,615 INFO 1124 [egg-schedule]: register schedule D:\github\egg-vue-hackernews\node_modules\egg-logrotator\app\schedule\rotate_by_file.js
2019-02-26 15:50:59,554 INFO 1900 [egg-schedule]: register schedule D:\github\egg-vue-hackernews\node_modules\egg-logrotator\app\schedule\clean_log.js
2019-02-26 15:50:59,555 INFO 1900 [egg-schedule]: register schedule D:\github\egg-vue-hackernews\node_modules\egg-logrotator\app\schedule\rotate_by_file.js
2019-02-26 15:51:00,634 INFO 2648 [egg-schedule]: register schedule D:\github\egg-vue-hackernews\node_modules\egg-logrotator\app\schedule\clean_log.js
2019-02-26 15:51:00,634 INFO 2648 [egg-schedule]: register schedule D:\github\egg-vue-hackernews\node_modules\egg-logrotator\app\schedule\rotate_by_file.js
2019-02-26 15:52:08,763 INFO 2092 [egg-schedule]: register schedule D:\github\egg-vue-hackernews\node_modules\egg-logrotator\app\schedule\clean_log.js
2019-02-26 15:52:08,763 INFO 2092 [egg-schedule]: register schedule D:\github\egg-vue-hackernews\node_modules\egg-logrotator\app\schedule\rotate_by_file.js
2019-02-26 15:52:09,812 INFO 12888 [egg-schedule]: register schedule D:\github\egg-vue-hackernews\node_modules\egg-logrotator\app\schedule\clean_log.js
2019-02-26 15:52:09,812 INFO 12888 [egg-schedule]: register schedule D:\github\egg-vue-hackernews\node_modules\egg-logrotator\app\schedule\rotate_by_file.js
2019-02-26 15:58:41,646 INFO 11676 [egg-schedule]: register schedule D:\github\egg-vue-hackernews\node_modules\egg-logrotator\app\schedule\clean_log.js
2019-02-26 15:58:41,646 INFO 11676 [egg-schedule]: register schedule D:\github\egg-vue-hackernews\node_modules\egg-logrotator\app\schedule\rotate_by_file.js
2019-02-26 15:58:42,747 INFO 10468 [egg-schedule]: register schedule D:\github\egg-vue-hackernews\node_modules\egg-logrotator\app\schedule\clean_log.js
2019-02-26 15:58:42,747 INFO 10468 [egg-schedule]: register schedule D:\github\egg-vue-hackernews\node_modules\egg-logrotator\app\schedule\rotate_by_file.js
2019-02-26 15:59:02,442 INFO 19276 [egg-schedule]: register schedule D:\github\egg-vue-hackernews\node_modules\egg-logrotator\app\schedule\clean_log.js
2019-02-26 15:59:02,442 INFO 19276 [egg-schedule]: register schedule D:\github\egg-vue-hackernews\node_modules\egg-logrotator\app\schedule\rotate_by_file.js
2019-02-26 15:59:09,160 INFO 7828 [egg-schedule]: register schedule D:\github\egg-vue-hackernews\node_modules\egg-logrotator\app\schedule\clean_log.js
2019-02-26 15:59:09,160 INFO 7828 [egg-schedule]: register schedule D:\github\egg-vue-hackernews\node_modules\egg-logrotator\app\schedule\rotate_by_file.js
2019-02-26 15:59:10,200 INFO 13264 [egg-schedule]: register schedule D:\github\egg-vue-hackernews\node_modules\egg-logrotator\app\schedule\clean_log.js
2019-02-26 15:59:10,200 INFO 13264 [egg-schedule]: register schedule D:\github\egg-vue-hackernews\node_modules\egg-logrotator\app\schedule\rotate_by_file.js
2019-02-26 15:59:42,697 INFO 20532 [egg-schedule]: register schedule D:\github\egg-vue-hackernews\node_modules\egg-logrotator\app\schedule\clean_log.js
2019-02-26 15:59:42,697 INFO 20532 [egg-schedule]: register schedule D:\github\egg-vue-hackernews\node_modules\egg-logrotator\app\schedule\rotate_by_file.js
2019-02-26 15:59:43,905 INFO 5472 [egg-schedule]: register schedule D:\github\egg-vue-hackernews\node_modules\egg-logrotator\app\schedule\clean_log.js
2019-02-26 15:59:43,905 INFO 5472 [egg-schedule]: register schedule D:\github\egg-vue-hackernews\node_modules\egg-logrotator\app\schedule\rotate_by_file.js
2019-02-26 16:00:19,138 INFO 19716 [egg-schedule]: register schedule D:\github\egg-vue-hackernews\node_modules\egg-logrotator\app\schedule\clean_log.js
2019-02-26 16:00:19,138 INFO 19716 [egg-schedule]: register schedule D:\github\egg-vue-hackernews\node_modules\egg-logrotator\app\schedule\rotate_by_file.js
2019-02-26 16:00:20,264 INFO 20812 [egg-schedule]: register schedule D:\github\egg-vue-hackernews\node_modules\egg-logrotator\app\schedule\clean_log.js
2019-02-26 16:00:20,264 INFO 20812 [egg-schedule]: register schedule D:\github\egg-vue-hackernews\node_modules\egg-logrotator\app\schedule\rotate_by_file.js
2019-02-26 16:00:53,050 INFO 17136 [egg-schedule]: register schedule D:\github\egg-vue-hackernews\node_modules\egg-logrotator\app\schedule\clean_log.js
2019-02-26 16:00:53,050 INFO 17136 [egg-schedule]: register schedule D:\github\egg-vue-hackernews\node_modules\egg-logrotator\app\schedule\rotate_by_file.js
2019-02-26 16:00:54,234 INFO 6192 [egg-schedule]: register schedule D:\github\egg-vue-hackernews\node_modules\egg-logrotator\app\schedule\clean_log.js
2019-02-26 16:00:54,234 INFO 6192 [egg-schedule]: register schedule D:\github\egg-vue-hackernews\node_modules\egg-logrotator\app\schedule\rotate_by_file.js
2019-02-26 16:01:37,590 INFO 8804 [egg-schedule]: register schedule D:\github\egg-vue-hackernews\node_modules\egg-logrotator\app\schedule\clean_log.js
2019-02-26 16:01:37,590 INFO 8804 [egg-schedule]: register schedule D:\github\egg-vue-hackernews\node_modules\egg-logrotator\app\schedule\rotate_by_file.js
2019-02-26 16:01:38,678 INFO 16704 [egg-schedule]: register schedule D:\github\egg-vue-hackernews\node_modules\egg-logrotator\app\schedule\clean_log.js
2019-02-26 16:01:38,678 INFO 16704 [egg-schedule]: register schedule D:\github\egg-vue-hackernews\node_modules\egg-logrotator\app\schedule\rotate_by_file.js
2019-02-26 16:01:41,842 INFO 15600 [egg-schedule]: register schedule D:\github\egg-vue-hackernews\node_modules\egg-logrotator\app\schedule\clean_log.js
2019-02-26 16:01:41,842 INFO 15600 [egg-schedule]: register schedule D:\github\egg-vue-hackernews\node_modules\egg-logrotator\app\schedule\rotate_by_file.js
2019-02-26 16:01:42,954 INFO 16880 [egg-schedule]: register schedule D:\github\egg-vue-hackernews\node_modules\egg-logrotator\app\schedule\clean_log.js
2019-02-26 16:01:42,954 INFO 16880 [egg-schedule]: register schedule D:\github\egg-vue-hackernews\node_modules\egg-logrotator\app\schedule\rotate_by_file.js
2019-02-26 16:01:46,827 INFO 20148 [egg-schedule]: register schedule D:\github\egg-vue-hackernews\node_modules\egg-logrotator\app\schedule\clean_log.js
2019-02-26 16:01:46,827 INFO 20148 [egg-schedule]: register schedule D:\github\egg-vue-hackernews\node_modules\egg-logrotator\app\schedule\rotate_by_file.js
2019-02-26 16:01:47,875 INFO 20168 [egg-schedule]: register schedule D:\github\egg-vue-hackernews\node_modules\egg-logrotator\app\schedule\clean_log.js
2019-02-26 16:01:47,875 INFO 20168 [egg-schedule]: register schedule D:\github\egg-vue-hackernews\node_modules\egg-logrotator\app\schedule\rotate_by_file.js
2019-02-26 16:01:49,370 INFO 16256 [egg-schedule]: register schedule D:\github\egg-vue-hackernews\node_modules\egg-logrotator\app\schedule\clean_log.js
2019-02-26 16:01:49,370 INFO 16256 [egg-schedule]: register schedule D:\github\egg-vue-hackernews\node_modules\egg-logrotator\app\schedule\rotate_by_file.js
2019-02-26 16:01:51,498 INFO 11900 [egg-schedule]: register schedule D:\github\egg-vue-hackernews\node_modules\egg-logrotator\app\schedule\clean_log.js
2019-02-26 16:01:51,498 INFO 11900 [egg-schedule]: register schedule D:\github\egg-vue-hackernews\node_modules\egg-logrotator\app\schedule\rotate_by_file.js
2019-02-26 16:03:09,136 INFO 5076 [egg-schedule]: register schedule D:\github\egg-vue-hackernews\node_modules\egg-logrotator\app\schedule\clean_log.js
2019-02-26 16:03:09,136 INFO 5076 [egg-schedule]: register schedule D:\github\egg-vue-hackernews\node_modules\egg-logrotator\app\schedule\rotate_by_file.js
2019-02-26 16:03:10,247 INFO 8292 [egg-schedule]: register schedule D:\github\egg-vue-hackernews\node_modules\egg-logrotator\app\schedule\clean_log.js
2019-02-26 16:03:10,247 INFO 8292 [egg-schedule]: register schedule D:\github\egg-vue-hackernews\node_modules\egg-logrotator\app\schedule\rotate_by_file.js
2019-02-26 16:04:07,439 INFO 20112 [egg-schedule]: register schedule D:\github\egg-vue-hackernews\node_modules\egg-logrotator\app\schedule\clean_log.js
2019-02-26 16:04:07,439 INFO 20112 [egg-schedule]: register schedule D:\github\egg-vue-hackernews\node_modules\egg-logrotator\app\schedule\rotate_by_file.js
2019-02-26 16:04:08,492 INFO 8368 [egg-schedule]: register schedule D:\github\egg-vue-hackernews\node_modules\egg-logrotator\app\schedule\clean_log.js
2019-02-26 16:04:08,492 INFO 8368 [egg-schedule]: register schedule D:\github\egg-vue-hackernews\node_modules\egg-logrotator\app\schedule\rotate_by_file.js
2019-02-26 16:09:29,712 INFO 11144 [egg-schedule]: register schedule D:\github\egg-vue-hackernews\node_modules\egg-logrotator\app\schedule\clean_log.js
2019-02-26 16:09:29,712 INFO 11144 [egg-schedule]: register schedule D:\github\egg-vue-hackernews\node_modules\egg-logrotator\app\schedule\rotate_by_file.js
2019-02-26 16:09:33,058 INFO 21384 [egg-schedule]: register schedule D:\github\egg-vue-hackernews\node_modules\egg-logrotator\app\schedule\clean_log.js
2019-02-26 16:09:33,058 INFO 21384 [egg-schedule]: register schedule D:\github\egg-vue-hackernews\node_modules\egg-logrotator\app\schedule\rotate_by_file.js
2019-02-26 16:09:34,172 INFO 14008 [egg-schedule]: register schedule D:\github\egg-vue-hackernews\node_modules\egg-logrotator\app\schedule\clean_log.js
2019-02-26 16:09:34,172 INFO 14008 [egg-schedule]: register schedule D:\github\egg-vue-hackernews\node_modules\egg-logrotator\app\schedule\rotate_by_file.js
2019-02-26 16:10:01,032 INFO 16244 [egg-schedule]: register schedule D:\github\egg-vue-hackernews\node_modules\egg-logrotator\app\schedule\clean_log.js
2019-02-26 16:10:01,032 INFO 16244 [egg-schedule]: register schedule D:\github\egg-vue-hackernews\node_modules\egg-logrotator\app\schedule\rotate_by_file.js
2019-02-26 16:10:03,780 INFO 16344 [egg-schedule]: register schedule D:\github\egg-vue-hackernews\node_modules\egg-logrotator\app\schedule\clean_log.js
2019-02-26 16:10:03,780 INFO 16344 [egg-schedule]: register schedule D:\github\egg-vue-hackernews\node_modules\egg-logrotator\app\schedule\rotate_by_file.js
2019-02-26 16:10:40,480 INFO 5244 [Timer] D:\github\egg-vue-hackernews\node_modules\egg-logrotator\app\schedule\clean_log.js next time will execute after 28159521ms at 2019-02-27 00:00:00.001
2019-02-26 16:10:40,481 INFO 5244 [Timer] D:\github\egg-vue-hackernews\node_modules\egg-logrotator\app\schedule\rotate_by_file.js next time will execute after 28160519ms at 2019-02-27 00:00:01.000
2019-02-26 16:10:40,378 INFO 5984 [egg-schedule]: register schedule D:\github\egg-vue-hackernews\node_modules\egg-logrotator\app\schedule\clean_log.js
2019-02-26 16:10:40,378 INFO 5984 [egg-schedule]: register schedule D:\github\egg-vue-hackernews\node_modules\egg-logrotator\app\schedule\rotate_by_file.js
2019-02-26 16:11:10,111 INFO 9984 [egg-schedule]: register schedule D:\github\egg-vue-hackernews\node_modules\egg-logrotator\app\schedule\clean_log.js
2019-02-26 16:11:10,111 INFO 9984 [egg-schedule]: register schedule D:\github\egg-vue-hackernews\node_modules\egg-logrotator\app\schedule\rotate_by_file.js
2019-02-26 16:11:28,367 INFO 7760 [egg-schedule]: register schedule D:\github\egg-vue-hackernews\node_modules\egg-logrotator\app\schedule\clean_log.js
2019-02-26 16:11:28,367 INFO 7760 [egg-schedule]: register schedule D:\github\egg-vue-hackernews\node_modules\egg-logrotator\app\schedule\rotate_by_file.js
2019-02-26 16:11:59,890 INFO 15600 [egg-schedule]: register schedule D:\github\egg-vue-hackernews\node_modules\egg-logrotator\app\schedule\clean_log.js
2019-02-26 16:11:59,890 INFO 15600 [egg-schedule]: register schedule D:\github\egg-vue-hackernews\node_modules\egg-logrotator\app\schedule\rotate_by_file.js
2019-02-26 16:12:50,721 INFO 17904 [egg-schedule]: register schedule D:\github\egg-vue-hackernews\node_modules\egg-logrotator\app\schedule\clean_log.js
2019-02-26 16:12:50,721 INFO 17904 [egg-schedule]: register schedule D:\github\egg-vue-hackernews\node_modules\egg-logrotator\app\schedule\rotate_by_file.js
2019-02-26 16:13:00,284 INFO 14760 [egg-schedule]: register schedule D:\github\egg-vue-hackernews\node_modules\egg-logrotator\app\schedule\clean_log.js
2019-02-26 16:13:00,284 INFO 14760 [egg-schedule]: register schedule D:\github\egg-vue-hackernews\node_modules\egg-logrotator\app\schedule\rotate_by_file.js
2019-02-26 16:16:20,588 INFO 13936 [egg-schedule]: register schedule D:\github\egg-vue-hackernews\node_modules\egg-logrotator\app\schedule\clean_log.js
2019-02-26 16:16:20,588 INFO 13936 [egg-schedule]: register schedule D:\github\egg-vue-hackernews\node_modules\egg-logrotator\app\schedule\rotate_by_file.js
2019-02-26 16:18:34,668 INFO 13992 [egg-schedule]: register schedule D:\github\egg-vue-hackernews\node_modules\egg-logrotator\app\schedule\clean_log.js
2019-02-26 16:18:34,668 INFO 13992 [egg-schedule]: register schedule D:\github\egg-vue-hackernews\node_modules\egg-logrotator\app\schedule\rotate_by_file.js
2019-02-26 16:18:52,380 INFO 14180 [egg-schedule]: register schedule D:\github\egg-vue-hackernews\node_modules\egg-logrotator\app\schedule\clean_log.js
2019-02-26 16:18:52,380 INFO 14180 [egg-schedule]: register schedule D:\github\egg-vue-hackernews\node_modules\egg-logrotator\app\schedule\rotate_by_file.js
2019-02-26 16:19:32,659 INFO 10968 [egg-schedule]: register schedule D:\github\egg-vue-hackernews\node_modules\egg-logrotator\app\schedule\clean_log.js
2019-02-26 16:19:32,659 INFO 10968 [egg-schedule]: register schedule D:\github\egg-vue-hackernews\node_modules\egg-logrotator\app\schedule\rotate_by_file.js
2019-02-26 16:19:37,490 INFO 14940 [egg-schedule]: register schedule D:\github\egg-vue-hackernews\node_modules\egg-logrotator\app\schedule\clean_log.js
2019-02-26 16:19:37,490 INFO 14940 [egg-schedule]: register schedule D:\github\egg-vue-hackernews\node_modules\egg-logrotator\app\schedule\rotate_by_file.js
2019-02-26 16:20:33,299 INFO 15204 [egg-schedule]: register schedule D:\github\egg-vue-hackernews\node_modules\egg-logrotator\app\schedule\clean_log.js
2019-02-26 16:20:33,299 INFO 15204 [egg-schedule]: register schedule D:\github\egg-vue-hackernews\node_modules\egg-logrotator\app\schedule\rotate_by_file.js
2019-02-26 16:20:34,358 INFO 5248 [egg-schedule]: register schedule D:\github\egg-vue-hackernews\node_modules\egg-logrotator\app\schedule\clean_log.js
2019-02-26 16:20:34,358 INFO 5248 [egg-schedule]: register schedule D:\github\egg-vue-hackernews\node_modules\egg-logrotator\app\schedule\rotate_by_file.js
2019-02-26 16:21:07,608 INFO 11016 [egg-schedule]: register schedule D:\github\egg-vue-hackernews\node_modules\egg-logrotator\app\schedule\clean_log.js
2019-02-26 16:21:07,608 INFO 11016 [egg-schedule]: register schedule D:\github\egg-vue-hackernews\node_modules\egg-logrotator\app\schedule\rotate_by_file.js
2019-02-26 16:21:43,640 INFO 224 [egg-schedule]: register schedule D:\github\egg-vue-hackernews\node_modules\egg-logrotator\app\schedule\clean_log.js
2019-02-26 16:21:43,640 INFO 224 [egg-schedule]: register schedule D:\github\egg-vue-hackernews\node_modules\egg-logrotator\app\schedule\rotate_by_file.js
2019-02-26 16:22:22,175 INFO 21328 [egg-schedule]: register schedule D:\github\egg-vue-hackernews\node_modules\egg-logrotator\app\schedule\clean_log.js
2019-02-26 16:22:22,175 INFO 21328 [egg-schedule]: register schedule D:\github\egg-vue-hackernews\node_modules\egg-logrotator\app\schedule\rotate_by_file.js
2019-02-26 16:22:23,198 INFO 12928 [egg-schedule]: register schedule D:\github\egg-vue-hackernews\node_modules\egg-logrotator\app\schedule\clean_log.js
2019-02-26 16:22:23,198 INFO 12928 [egg-schedule]: register schedule D:\github\egg-vue-hackernews\node_modules\egg-logrotator\app\schedule\rotate_by_file.js
2019-02-26 16:25:27,604 INFO 3144 [egg-schedule]: register schedule D:\github\egg-vue-hackernews\node_modules\egg-logrotator\app\schedule\clean_log.js
2019-02-26 16:25:27,604 INFO 3144 [egg-schedule]: register schedule D:\github\egg-vue-hackernews\node_modules\egg-logrotator\app\schedule\rotate_by_file.js
2019-02-26 16:25:35,892 INFO 17624 [egg-schedule]: register schedule D:\github\egg-vue-hackernews\node_modules\egg-logrotator\app\schedule\clean_log.js
2019-02-26 16:25:35,892 INFO 17624 [egg-schedule]: register schedule D:\github\egg-vue-hackernews\node_modules\egg-logrotator\app\schedule\rotate_by_file.js
2019-02-26 16:25:36,991 INFO 20180 [egg-schedule]: register schedule D:\github\egg-vue-hackernews\node_modules\egg-logrotator\app\schedule\clean_log.js
2019-02-26 16:25:36,991 INFO 20180 [egg-schedule]: register schedule D:\github\egg-vue-hackernews\node_modules\egg-logrotator\app\schedule\rotate_by_file.js
2019-02-26 16:25:46,368 INFO 17820 [egg-schedule]: register schedule D:\github\egg-vue-hackernews\node_modules\egg-logrotator\app\schedule\clean_log.js
2019-02-26 16:25:46,368 INFO 17820 [egg-schedule]: register schedule D:\github\egg-vue-hackernews\node_modules\egg-logrotator\app\schedule\rotate_by_file.js
2019-02-26 16:27:22,293 INFO 10572 [egg-schedule]: register schedule D:\github\egg-vue-hackernews\node_modules\egg-logrotator\app\schedule\clean_log.js
2019-02-26 16:27:22,293 INFO 10572 [egg-schedule]: register schedule D:\github\egg-vue-hackernews\node_modules\egg-logrotator\app\schedule\rotate_by_file.js
2019-02-26 16:27:23,375 INFO 6840 [egg-schedule]: register schedule D:\github\egg-vue-hackernews\node_modules\egg-logrotator\app\schedule\clean_log.js
2019-02-26 16:27:23,375 INFO 6840 [egg-schedule]: register schedule D:\github\egg-vue-hackernews\node_modules\egg-logrotator\app\schedule\rotate_by_file.js
2019-02-26 16:29:35,736 INFO 18772 [egg-schedule]: register schedule D:\github\egg-vue-hackernews\node_modules\egg-logrotator\app\schedule\clean_log.js
2019-02-26 16:29:35,736 INFO 18772 [egg-schedule]: register schedule D:\github\egg-vue-hackernews\node_modules\egg-logrotator\app\schedule\rotate_by_file.js
2019-02-26 16:29:36,948 INFO 20564 [egg-schedule]: register schedule D:\github\egg-vue-hackernews\node_modules\egg-logrotator\app\schedule\clean_log.js
2019-02-26 16:29:36,948 INFO 20564 [egg-schedule]: register schedule D:\github\egg-vue-hackernews\node_modules\egg-logrotator\app\schedule\rotate_by_file.js
2019-02-26 16:29:54,018 INFO 11788 [Timer] D:\github\egg-vue-hackernews\node_modules\egg-logrotator\app\schedule\clean_log.js next time will execute after 27005984ms at 2019-02-27 00:00:00.002
2019-02-26 16:29:54,019 INFO 11788 [Timer] D:\github\egg-vue-hackernews\node_modules\egg-logrotator\app\schedule\rotate_by_file.js next time will execute after 27006982ms at 2019-02-27 00:00:01.001
2019-02-26 16:29:53,911 INFO 15224 [egg-schedule]: register schedule D:\github\egg-vue-hackernews\node_modules\egg-logrotator\app\schedule\clean_log.js
2019-02-26 16:29:53,911 INFO 15224 [egg-schedule]: register schedule D:\github\egg-vue-hackernews\node_modules\egg-logrotator\app\schedule\rotate_by_file.js
2019-02-26 16:30:35,755 INFO 4916 [egg-schedule]: register schedule D:\github\egg-vue-hackernews\node_modules\egg-logrotator\app\schedule\clean_log.js
2019-02-26 16:30:35,755 INFO 4916 [egg-schedule]: register schedule D:\github\egg-vue-hackernews\node_modules\egg-logrotator\app\schedule\rotate_by_file.js
2019-02-26 16:35:33,366 INFO 6328 [egg-schedule]: register schedule D:\github\egg-vue-hackernews\node_modules\egg-logrotator\app\schedule\clean_log.js
2019-02-26 16:35:33,366 INFO 6328 [egg-schedule]: register schedule D:\github\egg-vue-hackernews\node_modules\egg-logrotator\app\schedule\rotate_by_file.js
2019-02-26 16:35:34,593 INFO 1696 [egg-schedule]: register schedule D:\github\egg-vue-hackernews\node_modules\egg-logrotator\app\schedule\clean_log.js
2019-02-26 16:35:34,593 INFO 1696 [egg-schedule]: register schedule D:\github\egg-vue-hackernews\node_modules\egg-logrotator\app\schedule\rotate_by_file.js
2019-02-26 16:36:17,679 INFO 15044 [egg-schedule]: register schedule D:\github\egg-vue-hackernews\node_modules\egg-logrotator\app\schedule\clean_log.js
2019-02-26 16:36:17,679 INFO 15044 [egg-schedule]: register schedule D:\github\egg-vue-hackernews\node_modules\egg-logrotator\app\schedule\rotate_by_file.js
2019-02-26 16:36:43,425 INFO 11420 [egg-schedule]: register schedule D:\github\egg-vue-hackernews\node_modules\egg-logrotator\app\schedule\clean_log.js
2019-02-26 16:36:43,425 INFO 11420 [egg-schedule]: register schedule D:\github\egg-vue-hackernews\node_modules\egg-logrotator\app\schedule\rotate_by_file.js
2019-02-26 16:36:44,488 INFO 7128 [egg-schedule]: register schedule D:\github\egg-vue-hackernews\node_modules\egg-logrotator\app\schedule\clean_log.js
2019-02-26 16:36:44,488 INFO 7128 [egg-schedule]: register schedule D:\github\egg-vue-hackernews\node_modules\egg-logrotator\app\schedule\rotate_by_file.js
2019-02-26 16:37:20,325 INFO 19604 [egg-schedule]: register schedule D:\github\egg-vue-hackernews\node_modules\egg-logrotator\app\schedule\clean_log.js
2019-02-26 16:37:20,325 INFO 19604 [egg-schedule]: register schedule D:\github\egg-vue-hackernews\node_modules\egg-logrotator\app\schedule\rotate_by_file.js
2019-02-26 16:37:27,656 INFO 15076 [egg-schedule]: register schedule D:\github\egg-vue-hackernews\node_modules\egg-logrotator\app\schedule\clean_log.js
2019-02-26 16:37:27,656 INFO 15076 [egg-schedule]: register schedule D:\github\egg-vue-hackernews\node_modules\egg-logrotator\app\schedule\rotate_by_file.js
2019-02-26 16:38:00,495 INFO 2980 [egg-schedule]: register schedule D:\github\egg-vue-hackernews\node_modules\egg-logrotator\app\schedule\clean_log.js
2019-02-26 16:38:00,495 INFO 2980 [egg-schedule]: register schedule D:\github\egg-vue-hackernews\node_modules\egg-logrotator\app\schedule\rotate_by_file.js
2019-02-26 16:38:26,370 INFO 12584 [egg-schedule]: register schedule D:\github\egg-vue-hackernews\node_modules\egg-logrotator\app\schedule\clean_log.js
2019-02-26 16:38:26,370 INFO 12584 [egg-schedule]: register schedule D:\github\egg-vue-hackernews\node_modules\egg-logrotator\app\schedule\rotate_by_file.js
2019-02-26 16:38:47,740 INFO 11176 [egg-schedule]: register schedule D:\github\egg-vue-hackernews\node_modules\egg-logrotator\app\schedule\clean_log.js
2019-02-26 16:38:47,740 INFO 11176 [egg-schedule]: register schedule D:\github\egg-vue-hackernews\node_modules\egg-logrotator\app\schedule\rotate_by_file.js
2019-02-26 16:39:09,316 INFO 9428 [egg-schedule]: register schedule D:\github\egg-vue-hackernews\node_modules\egg-logrotator\app\schedule\clean_log.js
2019-02-26 16:39:09,316 INFO 9428 [egg-schedule]: register schedule D:\github\egg-vue-hackernews\node_modules\egg-logrotator\app\schedule\rotate_by_file.js
2019-02-26 16:39:10,567 INFO 6772 [egg-schedule]: register schedule D:\github\egg-vue-hackernews\node_modules\egg-logrotator\app\schedule\clean_log.js
2019-02-26 16:39:10,567 INFO 6772 [egg-schedule]: register schedule D:\github\egg-vue-hackernews\node_modules\egg-logrotator\app\schedule\rotate_by_file.js
2019-02-26 16:39:21,560 INFO 12928 [egg-schedule]: register schedule D:\github\egg-vue-hackernews\node_modules\egg-logrotator\app\schedule\clean_log.js
2019-02-26 16:39:21,560 INFO 12928 [egg-schedule]: register schedule D:\github\egg-vue-hackernews\node_modules\egg-logrotator\app\schedule\rotate_by_file.js
2019-02-26 16:39:22,652 INFO 9196 [egg-schedule]: register schedule D:\github\egg-vue-hackernews\node_modules\egg-logrotator\app\schedule\clean_log.js
2019-02-26 16:39:22,652 INFO 9196 [egg-schedule]: register schedule D:\github\egg-vue-hackernews\node_modules\egg-logrotator\app\schedule\rotate_by_file.js
2019-02-26 16:39:43,035 INFO 4036 [egg-schedule]: register schedule D:\github\egg-vue-hackernews\node_modules\egg-logrotator\app\schedule\clean_log.js
2019-02-26 16:39:43,035 INFO 4036 [egg-schedule]: register schedule D:\github\egg-vue-hackernews\node_modules\egg-logrotator\app\schedule\rotate_by_file.js
2019-02-26 16:39:44,165 INFO 13276 [egg-schedule]: register schedule D:\github\egg-vue-hackernews\node_modules\egg-logrotator\app\schedule\clean_log.js
2019-02-26 16:39:44,165 INFO 13276 [egg-schedule]: register schedule D:\github\egg-vue-hackernews\node_modules\egg-logrotator\app\schedule\rotate_by_file.js
2019-02-26 16:39:47,815 INFO 8784 [egg-schedule]: register schedule D:\github\egg-vue-hackernews\node_modules\egg-logrotator\app\schedule\clean_log.js
2019-02-26 16:39:47,815 INFO 8784 [egg-schedule]: register schedule D:\github\egg-vue-hackernews\node_modules\egg-logrotator\app\schedule\rotate_by_file.js
2019-02-26 16:40:09,154 INFO 14736 [egg-schedule]: register schedule D:\github\egg-vue-hackernews\node_modules\egg-logrotator\app\schedule\clean_log.js
2019-02-26 16:40:09,156 INFO 14736 [egg-schedule]: register schedule D:\github\egg-vue-hackernews\node_modules\egg-logrotator\app\schedule\rotate_by_file.js
2019-02-26 16:40:10,481 INFO 2132 [egg-schedule]: register schedule D:\github\egg-vue-hackernews\node_modules\egg-logrotator\app\schedule\clean_log.js
2019-02-26 16:40:10,481 INFO 2132 [egg-schedule]: register schedule D:\github\egg-vue-hackernews\node_modules\egg-logrotator\app\schedule\rotate_by_file.js
2019-02-26 16:40:11,464 INFO 8232 [egg-schedule]: register schedule D:\github\egg-vue-hackernews\node_modules\egg-logrotator\app\schedule\clean_log.js
2019-02-26 16:40:11,464 INFO 8232 [egg-schedule]: register schedule D:\github\egg-vue-hackernews\node_modules\egg-logrotator\app\schedule\rotate_by_file.js
2019-02-26 16:41:17,801 INFO 16772 [egg-schedule]: register schedule D:\github\egg-vue-hackernews\node_modules\egg-logrotator\app\schedule\clean_log.js
2019-02-26 16:41:17,801 INFO 16772 [egg-schedule]: register schedule D:\github\egg-vue-hackernews\node_modules\egg-logrotator\app\schedule\rotate_by_file.js
2019-02-26 16:42:58,246 INFO 15812 [egg-schedule]: register schedule D:\github\egg-vue-hackernews\node_modules\egg-logrotator\app\schedule\clean_log.js
2019-02-26 16:42:58,246 INFO 15812 [egg-schedule]: register schedule D:\github\egg-vue-hackernews\node_modules\egg-logrotator\app\schedule\rotate_by_file.js
2019-02-26 16:43:13,741 INFO 14728 [egg-schedule]: register schedule D:\github\egg-vue-hackernews\node_modules\egg-logrotator\app\schedule\clean_log.js
2019-02-26 16:43:13,742 INFO 14728 [egg-schedule]: register schedule D:\github\egg-vue-hackernews\node_modules\egg-logrotator\app\schedule\rotate_by_file.js
2019-02-26 16:44:28,915 INFO 11176 [egg-schedule]: register schedule D:\github\egg-vue-hackernews\node_modules\egg-logrotator\app\schedule\clean_log.js
2019-02-26 16:44:28,915 INFO 11176 [egg-schedule]: register schedule D:\github\egg-vue-hackernews\node_modules\egg-logrotator\app\schedule\rotate_by_file.js
2019-02-26 16:44:36,740 INFO 12384 [egg-schedule]: register schedule D:\github\egg-vue-hackernews\node_modules\egg-logrotator\app\schedule\clean_log.js
2019-02-26 16:44:36,740 INFO 12384 [egg-schedule]: register schedule D:\github\egg-vue-hackernews\node_modules\egg-logrotator\app\schedule\rotate_by_file.js
2019-02-26 16:45:27,121 INFO 2556 [egg-schedule]: register schedule D:\github\egg-vue-hackernews\node_modules\egg-logrotator\app\schedule\clean_log.js
2019-02-26 16:45:27,121 INFO 2556 [egg-schedule]: register schedule D:\github\egg-vue-hackernews\node_modules\egg-logrotator\app\schedule\rotate_by_file.js
2019-02-26 16:45:58,623 INFO 8804 [egg-schedule]: register schedule D:\github\egg-vue-hackernews\node_modules\egg-logrotator\app\schedule\clean_log.js
2019-02-26 16:45:58,624 INFO 8804 [egg-schedule]: register schedule D:\github\egg-vue-hackernews\node_modules\egg-logrotator\app\schedule\rotate_by_file.js
2019-02-26 16:47:13,712 INFO 16896 [egg-schedule]: register schedule D:\github\egg-vue-hackernews\node_modules\egg-logrotator\app\schedule\clean_log.js
2019-02-26 16:47:13,712 INFO 16896 [egg-schedule]: register schedule D:\github\egg-vue-hackernews\node_modules\egg-logrotator\app\schedule\rotate_by_file.js
2019-02-26 16:47:26,363 INFO 13556 [egg-schedule]: register schedule D:\github\egg-vue-hackernews\node_modules\egg-logrotator\app\schedule\clean_log.js
2019-02-26 16:47:26,363 INFO 13556 [egg-schedule]: register schedule D:\github\egg-vue-hackernews\node_modules\egg-logrotator\app\schedule\rotate_by_file.js
2019-02-26 16:48:17,144 INFO 8972 [egg-schedule]: register schedule D:\github\egg-vue-hackernews\node_modules\egg-logrotator\app\schedule\clean_log.js
2019-02-26 16:48:17,144 INFO 8972 [egg-schedule]: register schedule D:\github\egg-vue-hackernews\node_modules\egg-logrotator\app\schedule\rotate_by_file.js
2019-02-26 16:50:37,352 INFO 7776 [egg-schedule]: register schedule D:\github\egg-vue-hackernews\node_modules\egg-logrotator\app\schedule\clean_log.js
2019-02-26 16:50:37,352 INFO 7776 [egg-schedule]: register schedule D:\github\egg-vue-hackernews\node_modules\egg-logrotator\app\schedule\rotate_by_file.js
2019-02-26 16:51:26,091 INFO 4052 [egg-schedule]: register schedule D:\github\egg-vue-hackernews\node_modules\egg-logrotator\app\schedule\clean_log.js
2019-02-26 16:51:26,091 INFO 4052 [egg-schedule]: register schedule D:\github\egg-vue-hackernews\node_modules\egg-logrotator\app\schedule\rotate_by_file.js
2019-02-26 16:52:10,428 INFO 1116 [egg-schedule]: register schedule D:\github\egg-vue-hackernews\node_modules\egg-logrotator\app\schedule\clean_log.js
2019-02-26 16:52:10,428 INFO 1116 [egg-schedule]: register schedule D:\github\egg-vue-hackernews\node_modules\egg-logrotator\app\schedule\rotate_by_file.js
2019-02-26 16:52:11,517 INFO 3564 [egg-schedule]: register schedule D:\github\egg-vue-hackernews\node_modules\egg-logrotator\app\schedule\clean_log.js
2019-02-26 16:52:11,517 INFO 3564 [egg-schedule]: register schedule D:\github\egg-vue-hackernews\node_modules\egg-logrotator\app\schedule\rotate_by_file.js
2019-02-26 16:52:33,836 INFO 11472 [egg-schedule]: register schedule D:\github\egg-vue-hackernews\node_modules\egg-logrotator\app\schedule\clean_log.js
2019-02-26 16:52:33,836 INFO 11472 [egg-schedule]: register schedule D:\github\egg-vue-hackernews\node_modules\egg-logrotator\app\schedule\rotate_by_file.js
2019-02-26 16:52:35,011 INFO 19680 [egg-schedule]: register schedule D:\github\egg-vue-hackernews\node_modules\egg-logrotator\app\schedule\clean_log.js
2019-02-26 16:52:35,011 INFO 19680 [egg-schedule]: register schedule D:\github\egg-vue-hackernews\node_modules\egg-logrotator\app\schedule\rotate_by_file.js
2019-02-26 16:52:45,038 INFO 19432 [egg-schedule]: register schedule D:\github\egg-vue-hackernews\node_modules\egg-logrotator\app\schedule\clean_log.js
2019-02-26 16:52:45,038 INFO 19432 [egg-schedule]: register schedule D:\github\egg-vue-hackernews\node_modules\egg-logrotator\app\schedule\rotate_by_file.js
2019-02-26 16:52:46,146 INFO 15716 [egg-schedule]: register schedule D:\github\egg-vue-hackernews\node_modules\egg-logrotator\app\schedule\clean_log.js
2019-02-26 16:52:46,146 INFO 15716 [egg-schedule]: register schedule D:\github\egg-vue-hackernews\node_modules\egg-logrotator\app\schedule\rotate_by_file.js
2019-02-26 16:53:18,747 INFO 19888 [egg-schedule]: register schedule D:\github\egg-vue-hackernews\node_modules\egg-logrotator\app\schedule\clean_log.js
2019-02-26 16:53:18,747 INFO 19888 [egg-schedule]: register schedule D:\github\egg-vue-hackernews\node_modules\egg-logrotator\app\schedule\rotate_by_file.js
2019-02-26 16:53:19,929 INFO 14088 [egg-schedule]: register schedule D:\github\egg-vue-hackernews\node_modules\egg-logrotator\app\schedule\clean_log.js
2019-02-26 16:53:19,929 INFO 14088 [egg-schedule]: register schedule D:\github\egg-vue-hackernews\node_modules\egg-logrotator\app\schedule\rotate_by_file.js
2019-02-26 16:53:33,504 INFO 13472 [egg-schedule]: register schedule D:\github\egg-vue-hackernews\node_modules\egg-logrotator\app\schedule\clean_log.js
2019-02-26 16:53:33,504 INFO 13472 [egg-schedule]: register schedule D:\github\egg-vue-hackernews\node_modules\egg-logrotator\app\schedule\rotate_by_file.js
2019-02-26 16:53:36,181 INFO 11164 [egg-schedule]: register schedule D:\github\egg-vue-hackernews\node_modules\egg-logrotator\app\schedule\clean_log.js
2019-02-26 16:53:36,181 INFO 11164 [egg-schedule]: register schedule D:\github\egg-vue-hackernews\node_modules\egg-logrotator\app\schedule\rotate_by_file.js
2019-02-26 16:53:51,303 INFO 19196 [egg-schedule]: register schedule D:\github\egg-vue-hackernews\node_modules\egg-logrotator\app\schedule\clean_log.js
2019-02-26 16:53:51,303 INFO 19196 [egg-schedule]: register schedule D:\github\egg-vue-hackernews\node_modules\egg-logrotator\app\schedule\rotate_by_file.js
2019-02-26 16:53:52,393 INFO 21360 [egg-schedule]: register schedule D:\github\egg-vue-hackernews\node_modules\egg-logrotator\app\schedule\clean_log.js
2019-02-26 16:53:52,393 INFO 21360 [egg-schedule]: register schedule D:\github\egg-vue-hackernews\node_modules\egg-logrotator\app\schedule\rotate_by_file.js
2019-02-26 16:53:53,897 INFO 3640 [egg-schedule]: register schedule D:\github\egg-vue-hackernews\node_modules\egg-logrotator\app\schedule\clean_log.js
2019-02-26 16:53:53,897 INFO 3640 [egg-schedule]: register schedule D:\github\egg-vue-hackernews\node_modules\egg-logrotator\app\schedule\rotate_by_file.js
2019-02-26 16:53:54,992 INFO 15960 [egg-schedule]: register schedule D:\github\egg-vue-hackernews\node_modules\egg-logrotator\app\schedule\clean_log.js
2019-02-26 16:53:54,992 INFO 15960 [egg-schedule]: register schedule D:\github\egg-vue-hackernews\node_modules\egg-logrotator\app\schedule\rotate_by_file.js
2019-02-26 17:03:46,376 INFO 13056 [egg-schedule]: register schedule D:\github\egg-vue-hackernews\node_modules\egg-logrotator\app\schedule\clean_log.js
2019-02-26 17:03:46,376 INFO 13056 [egg-schedule]: register schedule D:\github\egg-vue-hackernews\node_modules\egg-logrotator\app\schedule\rotate_by_file.js
2019-02-26 17:04:16,071 INFO 19264 [egg-schedule]: register schedule D:\github\egg-vue-hackernews\node_modules\egg-logrotator\app\schedule\clean_log.js
2019-02-26 17:04:16,071 INFO 19264 [egg-schedule]: register schedule D:\github\egg-vue-hackernews\node_modules\egg-logrotator\app\schedule\rotate_by_file.js
2019-02-26 17:04:17,179 INFO 7440 [egg-schedule]: register schedule D:\github\egg-vue-hackernews\node_modules\egg-logrotator\app\schedule\clean_log.js
2019-02-26 17:04:17,179 INFO 7440 [egg-schedule]: register schedule D:\github\egg-vue-hackernews\node_modules\egg-logrotator\app\schedule\rotate_by_file.js
2019-02-26 17:04:44,272 INFO 7620 [egg-schedule]: register schedule D:\github\egg-vue-hackernews\node_modules\egg-logrotator\app\schedule\clean_log.js
2019-02-26 17:04:44,272 INFO 7620 [egg-schedule]: register schedule D:\github\egg-vue-hackernews\node_modules\egg-logrotator\app\schedule\rotate_by_file.js
2019-02-26 17:05:23,194 INFO 20016 [egg-schedule]: register schedule D:\github\egg-vue-hackernews\node_modules\egg-logrotator\app\schedule\clean_log.js
2019-02-26 17:05:23,194 INFO 20016 [egg-schedule]: register schedule D:\github\egg-vue-hackernews\node_modules\egg-logrotator\app\schedule\rotate_by_file.js
2019-02-26 17:06:07,574 INFO 17464 [egg-schedule]: register schedule D:\github\egg-vue-hackernews\node_modules\egg-logrotator\app\schedule\clean_log.js
2019-02-26 17:06:07,574 INFO 17464 [egg-schedule]: register schedule D:\github\egg-vue-hackernews\node_modules\egg-logrotator\app\schedule\rotate_by_file.js
2019-02-26 17:06:40,538 INFO 15052 [egg-schedule]: register schedule D:\github\egg-vue-hackernews\node_modules\egg-logrotator\app\schedule\clean_log.js
2019-02-26 17:06:40,538 INFO 15052 [egg-schedule]: register schedule D:\github\egg-vue-hackernews\node_modules\egg-logrotator\app\schedule\rotate_by_file.js
2019-02-26 17:06:44,631 INFO 6668 [egg-schedule]: register schedule D:\github\egg-vue-hackernews\node_modules\egg-logrotator\app\schedule\clean_log.js
2019-02-26 17:06:44,631 INFO 6668 [egg-schedule]: register schedule D:\github\egg-vue-hackernews\node_modules\egg-logrotator\app\schedule\rotate_by_file.js
2019-02-26 17:06:48,039 INFO 15036 [egg-schedule]: register schedule D:\github\egg-vue-hackernews\node_modules\egg-logrotator\app\schedule\clean_log.js
2019-02-26 17:06:48,039 INFO 15036 [egg-schedule]: register schedule D:\github\egg-vue-hackernews\node_modules\egg-logrotator\app\schedule\rotate_by_file.js
2019-02-26 17:07:02,686 INFO 14720 [egg-schedule]: register schedule D:\github\egg-vue-hackernews\node_modules\egg-logrotator\app\schedule\clean_log.js
2019-02-26 17:07:02,686 INFO 14720 [egg-schedule]: register schedule D:\github\egg-vue-hackernews\node_modules\egg-logrotator\app\schedule\rotate_by_file.js
2019-02-26 17:07:03,795 INFO 11616 [egg-schedule]: register schedule D:\github\egg-vue-hackernews\node_modules\egg-logrotator\app\schedule\clean_log.js
2019-02-26 17:07:03,795 INFO 11616 [egg-schedule]: register schedule D:\github\egg-vue-hackernews\node_modules\egg-logrotator\app\schedule\rotate_by_file.js
2019-02-26 17:07:07,840 INFO 4696 [egg-schedule]: register schedule D:\github\egg-vue-hackernews\node_modules\egg-logrotator\app\schedule\clean_log.js
2019-02-26 17:07:07,840 INFO 4696 [egg-schedule]: register schedule D:\github\egg-vue-hackernews\node_modules\egg-logrotator\app\schedule\rotate_by_file.js
2019-02-26 17:07:20,323 INFO 9160 [egg-schedule]: register schedule D:\github\egg-vue-hackernews\node_modules\egg-logrotator\app\schedule\clean_log.js
2019-02-26 17:07:20,323 INFO 9160 [egg-schedule]: register schedule D:\github\egg-vue-hackernews\node_modules\egg-logrotator\app\schedule\rotate_by_file.js
2019-02-26 17:09:20,755 INFO 11832 [egg-schedule]: register schedule D:\github\egg-vue-hackernews\node_modules\egg-logrotator\app\schedule\clean_log.js
2019-02-26 17:09:20,755 INFO 11832 [egg-schedule]: register schedule D:\github\egg-vue-hackernews\node_modules\egg-logrotator\app\schedule\rotate_by_file.js
2019-02-26 17:10:02,664 INFO 20904 [egg-schedule]: register schedule D:\github\egg-vue-hackernews\node_modules\egg-logrotator\app\schedule\clean_log.js
2019-02-26 17:10:02,664 INFO 20904 [egg-schedule]: register schedule D:\github\egg-vue-hackernews\node_modules\egg-logrotator\app\schedule\rotate_by_file.js
2019-02-26 17:10:33,113 INFO 14804 [egg-schedule]: register schedule D:\github\egg-vue-hackernews\node_modules\egg-logrotator\app\schedule\clean_log.js
2019-02-26 17:10:33,113 INFO 14804 [egg-schedule]: register schedule D:\github\egg-vue-hackernews\node_modules\egg-logrotator\app\schedule\rotate_by_file.js
2019-02-26 17:10:34,173 INFO 8804 [egg-schedule]: register schedule D:\github\egg-vue-hackernews\node_modules\egg-logrotator\app\schedule\clean_log.js
2019-02-26 17:10:34,173 INFO 8804 [egg-schedule]: register schedule D:\github\egg-vue-hackernews\node_modules\egg-logrotator\app\schedule\rotate_by_file.js
2019-02-26 17:11:49,997 INFO 3456 [egg-schedule]: register schedule D:\github\egg-vue-hackernews\node_modules\egg-logrotator\app\schedule\clean_log.js
2019-02-26 17:11:49,997 INFO 3456 [egg-schedule]: register schedule D:\github\egg-vue-hackernews\node_modules\egg-logrotator\app\schedule\rotate_by_file.js
2019-02-26 17:12:22,620 INFO 7316 [Timer] D:\github\egg-vue-hackernews\node_modules\egg-logrotator\app\schedule\clean_log.js next time will execute after 24457381ms at 2019-02-27 00:00:00.001
2019-02-26 17:12:22,621 INFO 7316 [Timer] D:\github\egg-vue-hackernews\node_modules\egg-logrotator\app\schedule\rotate_by_file.js next time will execute after 24458380ms at 2019-02-27 00:00:01.001
2019-02-26 17:12:22,517 INFO 11900 [egg-schedule]: register schedule D:\github\egg-vue-hackernews\node_modules\egg-logrotator\app\schedule\clean_log.js
2019-02-26 17:12:22,517 INFO 11900 [egg-schedule]: register schedule D:\github\egg-vue-hackernews\node_modules\egg-logrotator\app\schedule\rotate_by_file.js
2019-02-26 17:12:36,697 INFO 13336 [egg-schedule]: register schedule D:\github\egg-vue-hackernews\node_modules\egg-logrotator\app\schedule\clean_log.js
2019-02-26 17:12:36,697 INFO 13336 [egg-schedule]: register schedule D:\github\egg-vue-hackernews\node_modules\egg-logrotator\app\schedule\rotate_by_file.js
2019-02-26 17:12:37,763 INFO 1120 [egg-schedule]: register schedule D:\github\egg-vue-hackernews\node_modules\egg-logrotator\app\schedule\clean_log.js
2019-02-26 17:12:37,763 INFO 1120 [egg-schedule]: register schedule D:\github\egg-vue-hackernews\node_modules\egg-logrotator\app\schedule\rotate_by_file.js
2019-02-26 17:12:45,722 INFO 5976 [egg-schedule]: register schedule D:\github\egg-vue-hackernews\node_modules\egg-logrotator\app\schedule\clean_log.js
2019-02-26 17:12:45,722 INFO 5976 [egg-schedule]: register schedule D:\github\egg-vue-hackernews\node_modules\egg-logrotator\app\schedule\rotate_by_file.js
2019-02-26 17:13:20,203 INFO 864 [egg-schedule]: register schedule D:\github\egg-vue-hackernews\node_modules\egg-logrotator\app\schedule\clean_log.js
2019-02-26 17:13:20,203 INFO 864 [egg-schedule]: register schedule D:\github\egg-vue-hackernews\node_modules\egg-logrotator\app\schedule\rotate_by_file.js
2019-02-26 17:13:21,318 INFO 17620 [egg-schedule]: register schedule D:\github\egg-vue-hackernews\node_modules\egg-logrotator\app\schedule\clean_log.js
2019-02-26 17:13:21,318 INFO 17620 [egg-schedule]: register schedule D:\github\egg-vue-hackernews\node_modules\egg-logrotator\app\schedule\rotate_by_file.js
2019-02-26 17:15:00,698 INFO 4388 [egg-schedule]: register schedule D:\github\egg-vue-hackernews\node_modules\egg-logrotator\app\schedule\clean_log.js
2019-02-26 17:15:00,698 INFO 4388 [egg-schedule]: register schedule D:\github\egg-vue-hackernews\node_modules\egg-logrotator\app\schedule\rotate_by_file.js
2019-02-26 17:15:01,888 INFO 21472 [egg-schedule]: register schedule D:\github\egg-vue-hackernews\node_modules\egg-logrotator\app\schedule\clean_log.js
2019-02-26 17:15:01,888 INFO 21472 [egg-schedule]: register schedule D:\github\egg-vue-hackernews\node_modules\egg-logrotator\app\schedule\rotate_by_file.js
2019-02-26 17:15:26,204 INFO 9068 [egg-schedule]: register schedule D:\github\egg-vue-hackernews\node_modules\egg-logrotator\app\schedule\clean_log.js
2019-02-26 17:15:26,204 INFO 9068 [egg-schedule]: register schedule D:\github\egg-vue-hackernews\node_modules\egg-logrotator\app\schedule\rotate_by_file.js
2019-02-26 17:16:46,170 INFO 21316 [egg-schedule]: register schedule D:\github\egg-vue-hackernews\node_modules\egg-logrotator\app\schedule\clean_log.js
2019-02-26 17:16:46,170 INFO 21316 [egg-schedule]: register schedule D:\github\egg-vue-hackernews\node_modules\egg-logrotator\app\schedule\rotate_by_file.js
2019-02-26 17:16:47,237 INFO 6668 [egg-schedule]: register schedule D:\github\egg-vue-hackernews\node_modules\egg-logrotator\app\schedule\clean_log.js
2019-02-26 17:16:47,237 INFO 6668 [egg-schedule]: register schedule D:\github\egg-vue-hackernews\node_modules\egg-logrotator\app\schedule\rotate_by_file.js
2019-02-26 17:22:35,509 INFO 7304 [Timer] D:\github\egg-vue-hackernews\node_modules\egg-logrotator\app\schedule\clean_log.js next time will execute after 23844492ms at 2019-02-27 00:00:00.001
2019-02-26 17:22:35,511 INFO 7304 [Timer] D:\github\egg-vue-hackernews\node_modules\egg-logrotator\app\schedule\rotate_by_file.js next time will execute after 23845489ms at 2019-02-27 00:00:01.000
2019-02-26 17:22:35,388 INFO 19716 [egg-schedule]: register schedule D:\github\egg-vue-hackernews\node_modules\egg-logrotator\app\schedule\clean_log.js
2019-02-26 17:22:35,388 INFO 19716 [egg-schedule]: register schedule D:\github\egg-vue-hackernews\node_modules\egg-logrotator\app\schedule\rotate_by_file.js
2019-02-26 17:23:57,808 INFO 12976 [egg-schedule]: register schedule D:\github\egg-vue-hackernews\node_modules\egg-logrotator\app\schedule\clean_log.js
2019-02-26 17:23:57,808 INFO 12976 [egg-schedule]: register schedule D:\github\egg-vue-hackernews\node_modules\egg-logrotator\app\schedule\rotate_by_file.js
2019-02-26 17:23:58,841 INFO 13772 [egg-schedule]: register schedule D:\github\egg-vue-hackernews\node_modules\egg-logrotator\app\schedule\clean_log.js
2019-02-26 17:23:58,841 INFO 13772 [egg-schedule]: register schedule D:\github\egg-vue-hackernews\node_modules\egg-logrotator\app\schedule\rotate_by_file.js
2019-02-26 17:24:12,701 INFO 10808 [egg-schedule]: register schedule D:\github\egg-vue-hackernews\node_modules\egg-logrotator\app\schedule\clean_log.js
2019-02-26 17:24:12,701 INFO 10808 [egg-schedule]: register schedule D:\github\egg-vue-hackernews\node_modules\egg-logrotator\app\schedule\rotate_by_file.js
2019-02-26 17:24:13,804 INFO 8724 [egg-schedule]: register schedule D:\github\egg-vue-hackernews\node_modules\egg-logrotator\app\schedule\clean_log.js
2019-02-26 17:24:13,804 INFO 8724 [egg-schedule]: register schedule D:\github\egg-vue-hackernews\node_modules\egg-logrotator\app\schedule\rotate_by_file.js
2019-02-26 17:24:30,830 INFO 18536 [egg-schedule]: register schedule D:\github\egg-vue-hackernews\node_modules\egg-logrotator\app\schedule\clean_log.js
2019-02-26 17:24:30,830 INFO 18536 [egg-schedule]: register schedule D:\github\egg-vue-hackernews\node_modules\egg-logrotator\app\schedule\rotate_by_file.js
